{"level":"info","message":"Server is running on  port 3000"}
{"level":"info","message":"Server is running on  port 3000"}
{"level":"info","message":"Server is running on  port 3000"}
{"level":"info","message":"Server is running on  port 3000"}
{"level":"info","message":"Server is running on  port 3000"}
{"level":"info","message":"Server is running on  port 3000"}
{"level":"info","message":"Server is running on  port 3000"}
{"level":"info","message":"Server is running on  port 3000"}
{"level":"info","message":"Server is running on  port 3000"}
{"level":"info","message":"Server is running on  port 3000"}
{"level":"info","message":"Server is running on  port 3000"}
{"level":"info","message":"Server is running on  port 3000"}
{"level":"info","message":"Server is running on  port 3000"}
{"level":"info","message":"Server is running on  port 3000"}
{"level":"info","message":"Server is running on  port 3000"}
{"level":"info","message":"Server is running on  port 3000"}
{"level":"info","message":"Server is running on  port 3000"}
{"level":"info","message":"Server is running on  port 3000"}
{"level":"info","message":"Server is running on  port 3000"}
{"level":"info","message":"Server is running on  port 3000"}
{"level":"info","message":"Server is running on  port 3000"}
{"level":"info","message":"Server is running on  port 3000"}
{"level":"info","message":"Server is running on  port 3000"}
{"level":"info","message":"Server is running on  port 3000"}
{"level":"info","message":"Server is running on  port 3000"}
{"level":"info","message":"Server is running on  port 3000"}
{"level":"info","message":"Server is running on  port 3000"}
{"level":"info","message":"Server is running on  port 3000"}
{"level":"info","message":"Server is running on  port 3000"}
{"level":"info","message":"Server is running on  port 3000"}
{"level":"info","message":"Server is running on  port 3000"}
{"level":"info","message":"Server is running on  port 3000"}
{"level":"info","message":"Database connection established"}
{"level":"info","message":"Server is running on  port 3000"}
{"level":"info","message":"Database connection established"}
{"level":"error","message":"Cannot read properties of undefined (reading 'email')"}
{"level":"error","message":"Cannot read properties of undefined (reading 'email')"}
{"level":"info","message":"Server is running on  port 3000"}
{"level":"info","message":"Database connection established"}
{"level":"info","message":"Server is running on  port 3000"}
{"level":"info","message":"Database connection established"}
{"level":"info","message":"Server is running on  port 3000"}
{"level":"info","message":"Database connection established"}
{"level":"info","message":"Server is running on  port 3000"}
{"level":"info","message":"Database connection established"}
{"level":"info","message":"Server is running on  port 3000"}
{"level":"info","message":"Database connection established"}
{"level":"info","message":"Server is running on  port 3000"}
{"level":"info","message":"Database connection established"}
{"level":"info","message":"Server is running on  port 3000"}
{"level":"info","message":"Database connection established"}
{"level":"info","message":"Server is running on  port 3000"}
{"level":"info","message":"Database connection established"}
{"level":"info","message":"Server is running on  port 3000"}
{"level":"info","message":"Database connection established"}
{"level":"info","message":"Server is running on  port 3000"}
{"level":"info","message":"Database connection established"}
{"level":"info","message":"Server is running on  port 3000"}
{"level":"info","message":"Database connection established"}
{"level":"info","message":"Server is running on  port 3000"}
{"level":"info","message":"Database connection established"}
{"level":"info","message":"Server is running on  port 3000"}
{"level":"info","message":"Database connection established"}
{"level":"info","message":"Server is running on  port 3000"}
{"level":"info","message":"Database connection established"}
{"level":"info","message":"Server is running on  port 3000"}
{"level":"info","message":"Database connection established"}
{"level":"info","message":"Server is running on  port 3000"}
{"level":"info","message":"Database connection established"}
{"level":"info","message":"Server is running on  port 3000"}
{"level":"info","message":"Database connection established"}
{"level":"info","message":"Server is running on  port 3000"}
{"level":"info","message":"Database connection established"}
{"level":"info","message":"Server is running on  port 3000"}
{"level":"info","message":"Database connection established"}
{"level":"info","message":"Server is running on  port 3000"}
{"level":"info","message":"Database connection established"}
{"level":"info","message":"Server is running on  port 3000"}
{"level":"info","message":"Database connection established"}
{"level":"info","message":"Server is running on  port 3000"}
{"level":"info","message":"Database connection established"}
{"level":"info","message":"Server is running on  port 3000"}
{"level":"info","message":"Database connection established"}
{"level":"error","message":"\"email\" is required"}
{"level":"error","message":"Cannot read properties of undefined (reading 'email')"}
{"level":"error","message":"Cannot read properties of undefined (reading 'email')"}
{"level":"info","message":"Server is running on  port 3000"}
{"level":"info","message":"Database connection established"}
{"level":"info","message":"Server is running on  port 3000"}
{"level":"info","message":"Database connection established"}
{"level":"info","message":"Server is running on  port 3000"}
{"level":"info","message":"Database connection established"}
{"level":"info","message":"Server is running on  port 3000"}
{"level":"info","message":"Database connection established"}
{"level":"error","message":"Error sending email:"}
{"level":"info","message":"Server is running on  port 3000"}
{"level":"info","message":"Database connection established"}
{"level":"info","message":"Server is running on  port 3000"}
{"level":"info","message":"Database connection established"}
{"level":"info","message":"Server is running on  port 3000"}
{"level":"info","message":"Database connection established"}
{"level":"error","message":"Error sending email:"}
{"level":"info","message":"Server is running on  port 3000"}
{"level":"info","message":"Database connection established"}
{"level":"info","message":"Server is running on  port 3000"}
{"level":"info","message":"Database connection established"}
{"level":"info","message":"Server is running on  port 3000"}
{"level":"info","message":"Database connection established"}
{"level":"info","message":"Server is running on  port 3000"}
{"level":"info","message":"Database connection established"}
{"level":"info","message":"Server is running on  port 3000"}
{"level":"info","message":"Database connection established"}
{"level":"info","message":"Server is running on  port 3000"}
{"level":"info","message":"Database connection established"}
{"level":"info","message":"Server is running on  port 3000"}
{"level":"info","message":"Database connection established"}
{"level":"info","message":"Server is running on  port 3000"}
{"level":"info","message":"Database connection established"}
{"level":"info","message":"Server is running on  port 3000"}
{"level":"info","message":"Database connection established"}
{"level":"info","message":"Server is running on  port 3000"}
{"level":"info","message":"Database connection established"}
{"level":"info","message":"Server is running on  port 3000"}
{"level":"info","message":"Database connection established"}
{"level":"info","message":"Server is running on  port 3000"}
{"level":"info","message":"Database connection established"}
{"level":"info","message":"Server is running on  port 3000"}
{"level":"info","message":"Database connection established"}
{"level":"info","message":"Server is running on  port 3000"}
{"level":"info","message":"Database connection established"}
{"level":"info","message":"Server is running on  port 3000"}
{"level":"info","message":"Database connection established"}
{"level":"info","message":"Server is running on  port 3000"}
{"level":"info","message":"Database connection established"}
{"level":"info","message":"Server is running on  port 3000"}
{"level":"info","message":"Database connection established"}
{"level":"info","message":"Server is running on  port 3000"}
{"level":"info","message":"Database connection established"}
{"level":"info","message":"Server is running on  port 3000"}
{"level":"info","message":"Database connection established"}
{"level":"info","message":"Server is running on  port 3000"}
{"level":"info","message":"Database connection established"}
{"level":"info","message":"Server is running on  port 3000"}
{"level":"info","message":"Database connection established"}
{"level":"info","message":"Server is running on  port 3000"}
{"level":"info","message":"Database connection established"}
{"level":"info","message":"Server is running on  port 3000"}
{"level":"info","message":"Database connection established"}
{"level":"info","message":"Server is running on  port 3000"}
{"level":"info","message":"Database connection established"}
{"level":"info","message":"Server is running on  port 3000"}
{"level":"info","message":"Database connection established"}
{"level":"info","message":"Server is running on  port 3000"}
{"level":"info","message":"Database connection established"}
{"level":"info","message":"Server is running on  port 3000"}
{"level":"info","message":"Database connection established"}
{"level":"info","message":"Server is running on  port 3000"}
{"level":"info","message":"Database connection established"}
{"level":"info","message":"Server is running on  port 3000"}
{"level":"info","message":"Database connection established"}
{"level":"info","message":"Server is running on  port 3000"}
{"level":"info","message":"Database connection established"}
{"level":"info","message":"Server is running on  port 3000"}
{"level":"info","message":"Database connection established"}
{"level":"info","message":"Server is running on  port 3000"}
{"level":"info","message":"Database connection established"}
{"level":"info","message":"Server is running on  port 3000"}
{"level":"info","message":"Database connection established"}
{"level":"info","message":"Server is running on  port 3000"}
{"level":"info","message":"Database connection established"}
{"level":"info","message":"Server is running on  port 3000"}
{"level":"info","message":"Database connection established"}
{"level":"info","message":"Server is running on  port 3000"}
{"level":"info","message":"Database connection established"}
{"level":"info","message":"Server is running on  port 3000"}
{"level":"info","message":"Database connection established"}
{"level":"info","message":"Server is running on  port 3000"}
{"level":"info","message":"Database connection established"}
{"level":"info","message":"Server is running on  port 3000"}
{"level":"info","message":"Database connection established"}
{"level":"info","message":"Server is running on  port 3000"}
{"level":"info","message":"Database connection established"}
{"level":"info","message":"Server is running on  port 3000"}
{"level":"info","message":"Database connection established"}
{"level":"info","message":"Server is running on  port 3000"}
{"level":"info","message":"Database connection established"}
{"level":"info","message":"Server is running on  port 3000"}
{"level":"info","message":"Database connection established"}
{"level":"info","message":"Server is running on  port 3000"}
{"level":"info","message":"Database connection established"}
{"level":"info","message":"Server is running on  port 3000"}
{"level":"info","message":"Database connection established"}
{"level":"info","message":"Server is running on  port 3000"}
{"level":"info","message":"Database connection established"}
{"level":"info","message":"Server is running on  port 3000"}
{"level":"info","message":"Database connection established"}
{"level":"info","message":"Server is running on  port 3000"}
{"level":"info","message":"Database connection established"}
{"level":"info","message":"Server is running on  port 3000"}
{"level":"info","message":"Database connection established"}
{"level":"info","message":"Server is running on  port 3000"}
{"level":"info","message":"Database connection established"}
{"level":"error","message":"\"role\" is required"}
{"level":"error","message":"\"role\" is required"}
{"level":"info","message":"Server is running on  port 3000"}
{"level":"info","message":"Database connection established"}
{"level":"info","message":"Server is running on  port 3000"}
{"level":"info","message":"Database connection established"}
{"level":"error","message":"Cannot read properties of null (reading 'verified')"}
{"level":"info","message":"Server is running on  port 3000"}
{"level":"info","message":"Database connection established"}
{"level":"info","message":"Server is running on  port 3000"}
{"level":"info","message":"Database connection established"}
{"level":"info","message":"Server is running on  port 3000"}
{"level":"info","message":"Database connection established"}
{"level":"info","message":"Server is running on  port 3000"}
{"level":"info","message":"Database connection established"}
{"level":"info","message":"Server is running on  port 3000"}
{"level":"info","message":"Database connection established"}
{"level":"info","message":"Server is running on  port 3000"}
{"level":"info","message":"Database connection established"}
{"level":"info","message":"Server is running on  port 3000"}
{"level":"info","message":"Database connection established"}
{"level":"info","message":"Server is running on  port 3000"}
{"level":"info","message":"Database connection established"}
{"level":"info","message":"Server is running on  port 3000"}
{"level":"info","message":"Database connection established"}
{"level":"info","message":"Server is running on  port 3000"}
{"level":"info","message":"Database connection established"}
