{"level":"error","message":"Cannot read properties of undefined (reading 'email')"}
{"level":"error","message":"Cannot read properties of undefined (reading 'email')"}
{"level":"error","message":"\"email\" is required"}
{"level":"error","message":"Cannot read properties of undefined (reading 'email')"}
{"level":"error","message":"Cannot read properties of undefined (reading 'email')"}
{"level":"error","message":"Error sending email:"}
{"level":"error","message":"Error sending email:"}
{"level":"error","message":"\"role\" is required"}
{"level":"error","message":"\"role\" is required"}
{"level":"error","message":"Cannot read properties of null (reading 'verified')"}
{"level":"error","message":"Error sending email:"}
{"level":"error","message":"Error sending email:"}
{"level":"error","message":"Error sending email:"}
{"level":"error","message":"Error sending email:"}
{"level":"error","message":"Error sending email:"}
{"level":"error","message":"Error sending email:"}
{"level":"error","message":"Error sending email:"}
{"level":"error","message":"\"email\" is required"}
{"level":"error","message":"\"token\" is required"}
{"level":"error","message":"Invalid value Token {\n  dataValues: {\n    id: 'f097d891-c126-4666-b120-7d0ec796277b',\n    userId: 'a05cbfbb-771b-47fb-bb63-61c81e4f0845',\n    token: '9f68b79ff79c5e3e8f2a63a7f98d5ca9',\n    token_type: 'verificationToken',\n    expires_in: null,\n    createdAt: 2024-05-06T10:52:18.338Z,\n    updatedAt: 2024-05-06T10:52:18.338Z\n  },\n  _previousDataValues: {\n    id: 'f097d891-c126-4666-b120-7d0ec796277b',\n    userId: 'a05cbfbb-771b-47fb-bb63-61c81e4f0845',\n    token: '9f68b79ff79c5e3e8f2a63a7f98d5ca9',\n    token_type: 'verificationToken',\n    expires_in: null,\n    createdAt: 2024-05-06T10:52:18.338Z,\n    updatedAt: 2024-05-06T10:52:18.338Z\n  },\n  uniqno: 1,\n  _changed: Set(0) {},\n  _options: {\n    isNewRecord: false,\n    _schema: null,\n    _schemaDelimiter: '',\n    raw: true,\n    attributes: [Array]\n  },\n  isNewRecord: false\n}"}
{"level":"error","message":"Invalid value Token {\n  dataValues: {\n    id: '119db72f-0fbb-48ac-9e79-aeb083d24243',\n    userId: '727c326e-34c9-49b4-90fb-3ab40ec4083f',\n    token: '591e439bcec7e1abbd70d2caa944e9c9',\n    token_type: 'verificationToken',\n    expires_in: null,\n    createdAt: 2024-05-06T14:13:05.880Z,\n    updatedAt: 2024-05-06T14:13:05.880Z\n  },\n  _previousDataValues: {\n    id: '119db72f-0fbb-48ac-9e79-aeb083d24243',\n    userId: '727c326e-34c9-49b4-90fb-3ab40ec4083f',\n    token: '591e439bcec7e1abbd70d2caa944e9c9',\n    token_type: 'verificationToken',\n    expires_in: null,\n    createdAt: 2024-05-06T14:13:05.880Z,\n    updatedAt: 2024-05-06T14:13:05.880Z\n  },\n  uniqno: 1,\n  _changed: Set(0) {},\n  _options: {\n    isNewRecord: false,\n    _schema: null,\n    _schemaDelimiter: '',\n    raw: true,\n    attributes: [Array]\n  },\n  isNewRecord: false\n}"}
{"level":"error","message":"token is not defined"}
{"level":"error","message":"token is not defined"}
{"level":"error","message":"secretOrPrivateKey must have a value"}
{"level":"error","message":"secretOrPrivateKey must have a value"}
{"level":"error","message":"Cannot read properties of null (reading 'userId')"}
{"level":"error","message":"Cannot read properties of null (reading 'userId')"}
{"level":"error","message":"Cannot read properties of undefined (reading 'split')"}
{"level":"error","message":"Cannot read properties of undefined (reading 'split')"}
{"level":"error","message":"Cannot read properties of undefined (reading 'split')"}
{"level":"error","message":"Cannot read properties of undefined (reading 'split')"}
{"level":"error","message":"Cannot read properties of undefined (reading 'split')"}
{"level":"error","message":"Cannot read properties of undefined (reading 'split')"}
{"level":"error","message":"Invalid value Promise { undefined }"}
{"level":"error","message":"Cannot read properties of undefined (reading 'userId')"}
{"level":"error","message":"Invalid value Promise { undefined }"}
{"level":"error","message":"Cannot read properties of undefined (reading 'userId')"}
{"level":"error","message":"WHERE parameter \"token\" has invalid \"undefined\" value"}
{"level":"error","message":"Cannot read properties of undefined (reading 'userId')"}
{"level":"error","message":"Cannot read properties of null (reading 'id')"}
{"level":"error","message":"newUser is not defined"}
{"level":"error","message":"Cannot read properties of null (reading 'token')"}
{"level":"error","message":"\"password\" is required"}
{"level":"error","message":"\"password\" is required"}
{"level":"error","message":"Passwords do not match"}
{"level":"error","message":"Cannot read properties of undefined (reading 'id')"}
{"level":"error","message":"Cannot read properties of undefined (reading 'id')"}
{"level":"error","message":"Cannot read properties of undefined (reading 'id')"}
{"level":"error","message":"WHERE parameter \"email\" has invalid \"undefined\" value"}
{"level":"error","message":"Cannot read properties of undefined (reading '0')"}
{"level":"error","message":"WHERE parameter \"email\" has invalid \"undefined\" value"}
{"level":"error","message":"Cannot read properties of undefined (reading '0')"}
{"level":"error","message":"WHERE parameter \"email\" has invalid \"undefined\" value"}
{"level":"error","message":"notNull Violation: User.email cannot be null"}
{"level":"error","message":"Cannot read properties of undefined (reading 'id')"}
{"level":"error","message":"WHERE parameter \"email\" has invalid \"undefined\" value"}
{"level":"error","message":"notNull Violation: User.email cannot be null"}
{"level":"error","message":"Cannot read properties of undefined (reading 'id')"}
{"level":"error","message":"WHERE parameter \"email\" has invalid \"undefined\" value"}
{"level":"error","message":"Cannot read properties of undefined (reading '0')"}
{"level":"error","message":"WHERE parameter \"email\" has invalid \"undefined\" value"}
{"level":"error","message":"picture is not defined"}
{"level":"error","message":"WHERE parameter \"email\" has invalid \"undefined\" value"}
{"level":"error","message":"picture is not defined"}
{"level":"error","message":"WHERE parameter \"email\" has invalid \"undefined\" value"}
{"level":"error","message":"data and salt arguments required"}
{"level":"error","message":"Login sessions require session support. Did you forget to use `express-session` middleware?"}
{"level":"error","message":"Login sessions require session support. Did you forget to use `express-session` middleware?"}
{"level":"error","message":"Login sessions require session support. Did you forget to use `express-session` middleware?"}
{"level":"error","message":"Login sessions require session support. Did you forget to use `express-session` middleware?"}
{"level":"error","message":"Cannot read properties of undefined (reading 'emails')"}
{"level":"error","message":"notNull Violation: Token.userId cannot be null"}
{"level":"error","message":"notNull Violation: Token.userId cannot be null"}
{"level":"error","message":"notNull Violation: Token.userId cannot be null"}
{"level":"error","message":"notNull Violation: Token.userId cannot be null"}
{"level":"error","message":"notNull Violation: Token.userId cannot be null"}
{"level":"error","message":"notNull Violation: Token.userId cannot be null"}
{"level":"error","message":"notNull Violation: Token.userId cannot be null"}
{"level":"error","message":"data and salt arguments required"}
{"level":"error","message":"notNull Violation: Token.userId cannot be null"}
{"level":"error","message":"notNull Violation: Token.userId cannot be null"}
{"level":"error","message":"notNull Violation: Token.userId cannot be null"}
{"level":"error","message":"notNull Violation: Token.userId cannot be null"}
{"level":"error","message":"connect ECONNREFUSED 127.0.0.1:6379"}
{"level":"error","message":"column \"nan\" does not exist"}
{"level":"error","message":"Cannot read properties of undefined (reading 'data')"}
{"level":"error","message":"column \"nan\" does not exist"}
{"level":"error","message":"Cannot read properties of undefined (reading 'data')"}
{"level":"error","message":"column \"nan\" does not exist"}
{"level":"error","message":"Cannot read properties of undefined (reading 'data')"}
{"level":"error","message":"column \"nan\" does not exist"}
{"level":"error","message":"Cannot read properties of undefined (reading 'data')"}
{"level":"error","message":"column \"nan\" does not exist"}
{"level":"error","message":"Cannot read properties of undefined (reading 'data')"}
{"level":"error","message":"column \"nan\" does not exist"}
{"level":"error","message":"Cannot read properties of undefined (reading 'data')"}
{"level":"error","message":"column \"nan\" does not exist"}
{"level":"error","message":"Cannot read properties of undefined (reading 'data')"}
{"level":"error","message":"column \"nan\" does not exist"}
{"level":"error","message":"Cannot read properties of undefined (reading 'data')"}
{"level":"error","message":"Socket already opened"}
{"level":"error","message":"column \"nan\" does not exist"}
{"level":"error","message":"Cannot read properties of undefined (reading 'data')"}
{"level":"error","message":"column \"nan\" does not exist"}
{"level":"error","message":"Cannot read properties of undefined (reading 'data')"}
{"level":"error","message":"column \"nan\" does not exist"}
{"level":"error","message":"column \"nan\" does not exist"}
{"level":"error","message":"column \"nan\" does not exist"}
{"level":"error","message":"column \"nan\" does not exist"}
{"level":"error","message":"column \"nan\" does not exist"}
{"level":"error","message":"column \"nan\" does not exist"}
{"level":"error","message":"column \"nan\" does not exist"}
{"level":"error","message":"column \"nan\" does not exist"}
{"level":"error","message":"Socket already opened"}
{"level":"error","message":"Socket already opened"}
{"level":"error","message":"Socket already opened"}
{"level":"error","message":"Socket already opened"}
{"level":"error","message":"res.json(...).bind is not a function"}
{"level":"error","message":"consoe is not defined"}
{"level":"error","message":"body is not defined"}
{"level":"error","message":"body is not defined"}
{"level":"error","message":"Cannot read properties of undefined (reading 'json')"}
{"level":"error","message":"Cannot read properties of undefined (reading 'json')"}
{"level":"error","message":"Cannot set headers after they are sent to the client"}
{"level":"error","message":"Cannot read properties of undefined (reading 'split')"}
{"level":"error","message":"accessToken is not defined"}
{"level":"error","message":"accessToken is not defined"}
{"level":"error","message":"accessToken is not defined"}
{"level":"error","message":"accessToken is not defined"}
{"level":"error","message":"accessToken is not defined"}
{"level":"error","message":"respond is not defined"}
{"level":"error","message":"Cannot set headers after they are sent to the client"}
{"level":"error","message":"Cannot set headers after they are sent to the client"}
{"level":"error","message":"password is not defined"}
{"level":"error","message":"Cannot set headers after they are sent to the client"}
{"level":"error","message":"password is not defined"}
{"level":"error","message":"Cannot set headers after they are sent to the client"}
{"level":"error","message":"password is not defined"}
{"level":"error","message":"Cannot set headers after they are sent to the client"}
{"level":"error","message":"password is not defined"}
{"level":"error","message":"Cannot set headers after they are sent to the client"}
{"level":"error","message":"password is not defined"}
{"level":"error","message":"Cannot set headers after they are sent to the client"}
{"level":"error","message":"password is not defined"}
{"level":"error","message":"password is not defined"}
{"level":"error","message":"Cannot set headers after they are sent to the client"}
{"level":"error","message":"password is not defined"}
{"level":"error","message":"Cannot set headers after they are sent to the client"}
{"level":"error","message":"password is not defined"}
{"level":"error","message":"password is not defined"}
{"level":"error","message":"Cannot set headers after they are sent to the client"}
{"level":"error","message":"password is not defined"}
{"level":"error","message":"password is not defined"}
{"level":"error","message":"password is not defined"}
{"level":"error","message":"password is not defined"}
{"level":"error","message":"password is not defined"}
{"level":"error","message":"password is not defined"}
{"level":"error","message":"password is not defined"}
{"level":"error","message":"password is not defined"}
{"level":"error","message":"column \"username\" does not exist"}
{"level":"error","message":"Cannot read properties of undefined (reading 'data')"}
{"level":"error","message":"column \"profile_picture\" does not exist"}
{"level":"error","message":"Cannot read properties of undefined (reading 'id')"}
{"level":"error","message":"notNull Violation: Profile.profile_picture cannot be null"}
{"level":"error","message":"Cannot read properties of undefined (reading 'id')"}
{"level":"error","message":"null value in column \"fullname\" of relation \"Profile\" violates not-null constraint"}
{"level":"error","message":"Cannot read properties of undefined (reading 'id')"}
{"level":"error","message":"Cannot read properties of undefined (reading 'split')"}
{"level":"error","message":"\"value\" must be of type object"}
{"level":"error","message":"\"email\" is required"}
{"level":"error","message":"object is not iterable (cannot read property Symbol(Symbol.iterator))"}
{"level":"error","message":"object is not iterable (cannot read property Symbol(Symbol.iterator))"}
{"level":"error","message":"object is not iterable (cannot read property Symbol(Symbol.iterator))"}
{"level":"error","message":"object is not iterable (cannot read property Symbol(Symbol.iterator))"}
{"level":"error","message":"object is not iterable (cannot read property Symbol(Symbol.iterator))"}
{"level":"error","message":"object is not iterable (cannot read property Symbol(Symbol.iterator))"}
{"level":"error","message":"object is not iterable (cannot read property Symbol(Symbol.iterator))"}
{"level":"error","message":"column \"attribute\" does not exist"}
{"level":"error","message":"column \"attribute\" does not exist"}
{"level":"error","message":"Cannot read properties of undefined (reading 'dataValues')"}
{"level":"error","message":"Cannot read properties of undefined (reading 'dataValues')"}
{"level":"error","message":"Cannot read properties of undefined (reading 'dataValues')"}
{"level":"error","message":"\"role\" must be one of [Admin, Seller, User]"}
{"level":"error","message":"\"userId\" is required"}
{"level":"error","message":"WHERE parameter \"token\" has invalid \"undefined\" value"}
{"level":"error","message":"WHERE parameter \"token\" has invalid \"undefined\" value"}
{"level":"error","message":"paginationPayload is not defined"}
{"level":"error","message":"\"profileId\" is required"}
{"level":"error","message":"include.model.getTableName is not a function"}
{"level":"error","message":"The \"path\" argument must be of type string. Received an instance of Object"}
{"level":"error","message":"The \"path\" argument must be of type string. Received an instance of Object"}
{"level":"error","message":"The \"path\" argument must be of type string. Received an instance of Object"}
{"level":"error","message":"logger.errored is not a function"}
{"level":"error"}
{"level":"error","message":"Cannot read properties of undefined (reading 'url')"}
{"level":"error","message":"options is not defined"}
{"level":"error","message":"The \"iterable\" argument must be an instance of Iterable. Received an instance of Object"}
{"level":"error","message":"The \"iterable\" argument must be an instance of Iterable. Received an instance of Object"}
{"level":"error","message":"The \"iterable\" argument must be an instance of Iterable. Received an instance of Object"}
{"level":"error","message":"The \"iterable\" argument must be an instance of Iterable. Received an instance of Object"}
{"level":"error","message":"Cannot read properties of undefined (reading 'buffer')"}
{"level":"error","message":"uploadToCloudinary is not defined"}
{"level":"error","message":"Cannot read properties of undefined (reading 'url')"}
{"level":"error","message":"Cannot read properties of undefined (reading 'buffer')"}
{"level":"error","message":"The \"iterable\" argument must be an instance of Iterable. Received undefined"}
{"level":"error","message":"The \"iterable\" argument must be an instance of Iterable. Received undefined"}
{"level":"error","message":"Cannot read properties of undefined (reading 'mimetype')"}
{"level":"error","message":"Cannot read properties of undefined (reading 'originalname')"}
{"level":"error","message":"Cannot read properties of undefined (reading 'originalname')"}
{"level":"error","message":"Cannot read properties of undefined (reading 'originalname')"}
{"level":"error","message":"Cannot read properties of undefined (reading 'originalname')"}
{"level":"error","message":"Cannot read properties of undefined (reading 'buffer')"}
{"level":"error","message":"Cannot read properties of undefined (reading 'buffer')"}
{"level":"error","message":"Cannot read properties of undefined (reading 'buffer')"}
{"level":"error","message":"profile is not defined"}
{"level":"error","message":"Cannot read properties of undefined (reading 'buffer')"}
{"level":"error","message":"Cannot read properties of undefined (reading 'buffer')"}
{"level":"error","message":"Request Timeout"}
{"level":"error","message":"err is not defined"}
{"level":"error","message":"Request Timeout"}
{"level":"error","message":"Request Timeout"}
{"level":"error","message":"Request Timeout"}
{"level":"error","message":"Request Timeout"}
{"level":"error","message":"req is not defined"}
{"level":"error","message":"Cannot read properties of undefined (reading 'url')"}
{"level":"error","message":"Cannot read properties of undefined (reading 'split')"}
{"level":"error","message":"\"token\" is not allowed to be empty"}
{"level":"error","message":"Cannot read properties of null (reading 'userId')"}
{"level":"error","message":"Cannot read properties of null (reading 'userId')"}
{"level":"error","message":"Unexpected field"}
{"level":"error","message":"\"quantity\" is required"}
{"level":"error","message":"repository.create is not a function"}
{"level":"error","message":"SequelizeValidationError: notNull Violation: Product.thubnail_image cannot be null,\nnotNull Violation: Product.product_name cannot be null,\nnotNull Violation: Product.product_images cannot be null,\nnotNull Violation: Product.quantity cannot be null,\nnotNull Violation: Product.price cannot be null,\nnotNull Violation: Product.vendor_id cannot be null\n    at InstanceValidator._validate (/home/emmanuel/kitchen/backend-projects/ecommerce-api/node_modules/sequelize/lib/instance-validator.js:50:13)\n    at process.processTicksAndRejections (node:internal/process/task_queues:95:5)\n    at async InstanceValidator._validateAndRunHooks (/home/emmanuel/kitchen/backend-projects/ecommerce-api/node_modules/sequelize/lib/instance-validator.js:60:7)\n    at async InstanceValidator.validate (/home/emmanuel/kitchen/backend-projects/ecommerce-api/node_modules/sequelize/lib/instance-validator.js:54:12)\n    at async model.save (/home/emmanuel/kitchen/backend-projects/ecommerce-api/node_modules/sequelize/lib/model.js:2426:7)\n    at async Product.create (/home/emmanuel/kitchen/backend-projects/ecommerce-api/node_modules/sequelize/lib/model.js:1362:12)\n    at async Object.create (file:///home/emmanuel/kitchen/backend-projects/ecommerce-api/src/modules/product/repository.js:7:12)\n    at async createProduct (file:///home/emmanuel/kitchen/backend-projects/ecommerce-api/src/modules/product/controller.js:31:21)"}
{"level":"error","message":"object is not iterable (cannot read property Symbol(Symbol.iterator))"}
{"level":"error","message":"SequelizeValidationError: notNull Violation: Product.thubnail_image cannot be null,\nnotNull Violation: Product.product_name cannot be null,\nnotNull Violation: Product.product_images cannot be null,\nnotNull Violation: Product.quantity cannot be null,\nnotNull Violation: Product.price cannot be null,\nnotNull Violation: Product.vendor_id cannot be null\n    at InstanceValidator._validate (/home/emmanuel/kitchen/backend-projects/ecommerce-api/node_modules/sequelize/lib/instance-validator.js:50:13)\n    at process.processTicksAndRejections (node:internal/process/task_queues:95:5)\n    at async InstanceValidator._validateAndRunHooks (/home/emmanuel/kitchen/backend-projects/ecommerce-api/node_modules/sequelize/lib/instance-validator.js:60:7)\n    at async InstanceValidator.validate (/home/emmanuel/kitchen/backend-projects/ecommerce-api/node_modules/sequelize/lib/instance-validator.js:54:12)\n    at async model.save (/home/emmanuel/kitchen/backend-projects/ecommerce-api/node_modules/sequelize/lib/model.js:2426:7)\n    at async Product.create (/home/emmanuel/kitchen/backend-projects/ecommerce-api/node_modules/sequelize/lib/model.js:1362:12)\n    at async Object.create (file:///home/emmanuel/kitchen/backend-projects/ecommerce-api/src/modules/product/repository.js:8:12)\n    at async createProduct (file:///home/emmanuel/kitchen/backend-projects/ecommerce-api/src/modules/product/controller.js:31:21)"}
{"level":"error","message":"SequelizeValidationError: notNull Violation: Product.thubnail_image cannot be null,\nnotNull Violation: Product.product_name cannot be null,\nnotNull Violation: Product.product_images cannot be null,\nnotNull Violation: Product.quantity cannot be null,\nnotNull Violation: Product.price cannot be null,\nnotNull Violation: Product.vendor_id cannot be null\n    at InstanceValidator._validate (/home/emmanuel/kitchen/backend-projects/ecommerce-api/node_modules/sequelize/lib/instance-validator.js:50:13)\n    at process.processTicksAndRejections (node:internal/process/task_queues:95:5)\n    at async InstanceValidator._validateAndRunHooks (/home/emmanuel/kitchen/backend-projects/ecommerce-api/node_modules/sequelize/lib/instance-validator.js:60:7)\n    at async InstanceValidator.validate (/home/emmanuel/kitchen/backend-projects/ecommerce-api/node_modules/sequelize/lib/instance-validator.js:54:12)\n    at async model.save (/home/emmanuel/kitchen/backend-projects/ecommerce-api/node_modules/sequelize/lib/model.js:2426:7)\n    at async Product.create (/home/emmanuel/kitchen/backend-projects/ecommerce-api/node_modules/sequelize/lib/model.js:1362:12)\n    at async Object.create (file:///home/emmanuel/kitchen/backend-projects/ecommerce-api/src/modules/product/repository.js:8:12)\n    at async createProduct (file:///home/emmanuel/kitchen/backend-projects/ecommerce-api/src/modules/product/controller.js:32:21)"}
{"level":"error","message":"productImages is not defined"}
{"level":"error","message":"SequelizeValidationError: notNull Violation: Product.thubnail_image cannot be null,\nnotNull Violation: Product.product_name cannot be null,\nnotNull Violation: Product.product_images cannot be null,\nnotNull Violation: Product.quantity cannot be null,\nnotNull Violation: Product.price cannot be null,\nnotNull Violation: Product.vendor_id cannot be null\n    at InstanceValidator._validate (/home/emmanuel/kitchen/backend-projects/ecommerce-api/node_modules/sequelize/lib/instance-validator.js:50:13)\n    at process.processTicksAndRejections (node:internal/process/task_queues:95:5)\n    at async InstanceValidator._validateAndRunHooks (/home/emmanuel/kitchen/backend-projects/ecommerce-api/node_modules/sequelize/lib/instance-validator.js:60:7)\n    at async InstanceValidator.validate (/home/emmanuel/kitchen/backend-projects/ecommerce-api/node_modules/sequelize/lib/instance-validator.js:54:12)\n    at async model.save (/home/emmanuel/kitchen/backend-projects/ecommerce-api/node_modules/sequelize/lib/model.js:2426:7)\n    at async Product.create (/home/emmanuel/kitchen/backend-projects/ecommerce-api/node_modules/sequelize/lib/model.js:1362:12)\n    at async Object.create (file:///home/emmanuel/kitchen/backend-projects/ecommerce-api/src/modules/product/repository.js:8:12)\n    at async createProduct (file:///home/emmanuel/kitchen/backend-projects/ecommerce-api/src/modules/product/controller.js:32:21)"}
{"level":"error","message":"Maximum call stack size exceeded"}
{"level":"error","message":"SequelizeValidationError: notNull Violation: Product.thubnail_image cannot be null,\nnotNull Violation: Product.product_name cannot be null,\nnotNull Violation: Product.product_images cannot be null,\nnotNull Violation: Product.quantity cannot be null,\nnotNull Violation: Product.price cannot be null,\nnotNull Violation: Product.vendor_id cannot be null\n    at InstanceValidator._validate (/home/emmanuel/kitchen/backend-projects/ecommerce-api/node_modules/sequelize/lib/instance-validator.js:50:13)\n    at process.processTicksAndRejections (node:internal/process/task_queues:95:5)\n    at async InstanceValidator._validateAndRunHooks (/home/emmanuel/kitchen/backend-projects/ecommerce-api/node_modules/sequelize/lib/instance-validator.js:60:7)\n    at async InstanceValidator.validate (/home/emmanuel/kitchen/backend-projects/ecommerce-api/node_modules/sequelize/lib/instance-validator.js:54:12)\n    at async model.save (/home/emmanuel/kitchen/backend-projects/ecommerce-api/node_modules/sequelize/lib/model.js:2426:7)\n    at async Product.create (/home/emmanuel/kitchen/backend-projects/ecommerce-api/node_modules/sequelize/lib/model.js:1362:12)\n    at async Object.create (file:///home/emmanuel/kitchen/backend-projects/ecommerce-api/src/modules/product/repository.js:8:12)\n    at async createProduct (file:///home/emmanuel/kitchen/backend-projects/ecommerce-api/src/modules/product/controller.js:32:21)"}
{"level":"error","message":"Request Timeout"}
{"level":"error","message":"SequelizeValidationError: notNull Violation: Product.thubnail_image cannot be null,\nnotNull Violation: Product.product_name cannot be null,\nnotNull Violation: Product.product_images cannot be null,\nnotNull Violation: Product.quantity cannot be null,\nnotNull Violation: Product.price cannot be null,\nnotNull Violation: Product.vendor_id cannot be null\n    at InstanceValidator._validate (/home/emmanuel/kitchen/backend-projects/ecommerce-api/node_modules/sequelize/lib/instance-validator.js:50:13)\n    at process.processTicksAndRejections (node:internal/process/task_queues:95:5)\n    at async InstanceValidator._validateAndRunHooks (/home/emmanuel/kitchen/backend-projects/ecommerce-api/node_modules/sequelize/lib/instance-validator.js:60:7)\n    at async InstanceValidator.validate (/home/emmanuel/kitchen/backend-projects/ecommerce-api/node_modules/sequelize/lib/instance-validator.js:54:12)\n    at async model.save (/home/emmanuel/kitchen/backend-projects/ecommerce-api/node_modules/sequelize/lib/model.js:2426:7)\n    at async Product.create (/home/emmanuel/kitchen/backend-projects/ecommerce-api/node_modules/sequelize/lib/model.js:1362:12)\n    at async Object.create (file:///home/emmanuel/kitchen/backend-projects/ecommerce-api/src/modules/product/repository.js:8:12)\n    at async createProduct (file:///home/emmanuel/kitchen/backend-projects/ecommerce-api/src/modules/product/controller.js:32:21)"}
{"level":"error","message":"Maximum call stack size exceeded"}
{"level":"error","message":"SequelizeValidationError: notNull Violation: Product.thubnail_image cannot be null,\nnotNull Violation: Product.product_name cannot be null,\nnotNull Violation: Product.product_images cannot be null,\nnotNull Violation: Product.quantity cannot be null,\nnotNull Violation: Product.price cannot be null,\nnotNull Violation: Product.vendor_id cannot be null\n    at InstanceValidator._validate (/home/emmanuel/kitchen/backend-projects/ecommerce-api/node_modules/sequelize/lib/instance-validator.js:50:13)\n    at process.processTicksAndRejections (node:internal/process/task_queues:95:5)\n    at async InstanceValidator._validateAndRunHooks (/home/emmanuel/kitchen/backend-projects/ecommerce-api/node_modules/sequelize/lib/instance-validator.js:60:7)\n    at async InstanceValidator.validate (/home/emmanuel/kitchen/backend-projects/ecommerce-api/node_modules/sequelize/lib/instance-validator.js:54:12)\n    at async model.save (/home/emmanuel/kitchen/backend-projects/ecommerce-api/node_modules/sequelize/lib/model.js:2426:7)\n    at async Product.create (/home/emmanuel/kitchen/backend-projects/ecommerce-api/node_modules/sequelize/lib/model.js:1362:12)\n    at async Object.create (file:///home/emmanuel/kitchen/backend-projects/ecommerce-api/src/modules/product/repository.js:8:12)\n    at async createProduct (file:///home/emmanuel/kitchen/backend-projects/ecommerce-api/src/modules/product/controller.js:32:21)"}
{"level":"error","message":"SequelizeValidationError: notNull Violation: Product.thubnail_image cannot be null,\nnotNull Violation: Product.product_name cannot be null,\nnotNull Violation: Product.product_images cannot be null,\nnotNull Violation: Product.quantity cannot be null,\nnotNull Violation: Product.price cannot be null,\nnotNull Violation: Product.vendor_id cannot be null\n    at InstanceValidator._validate (/home/emmanuel/kitchen/backend-projects/ecommerce-api/node_modules/sequelize/lib/instance-validator.js:50:13)\n    at process.processTicksAndRejections (node:internal/process/task_queues:95:5)\n    at async InstanceValidator._validateAndRunHooks (/home/emmanuel/kitchen/backend-projects/ecommerce-api/node_modules/sequelize/lib/instance-validator.js:60:7)\n    at async InstanceValidator.validate (/home/emmanuel/kitchen/backend-projects/ecommerce-api/node_modules/sequelize/lib/instance-validator.js:54:12)\n    at async model.save (/home/emmanuel/kitchen/backend-projects/ecommerce-api/node_modules/sequelize/lib/model.js:2426:7)\n    at async Product.create (/home/emmanuel/kitchen/backend-projects/ecommerce-api/node_modules/sequelize/lib/model.js:1362:12)\n    at async Object.create (file:///home/emmanuel/kitchen/backend-projects/ecommerce-api/src/modules/product/repository.js:8:12)\n    at async createProduct (file:///home/emmanuel/kitchen/backend-projects/ecommerce-api/src/modules/product/controller.js:32:21)"}
{"level":"error","message":"Request Timeout"}
{"level":"error","message":"SequelizeValidationError: notNull Violation: Product.thubnail_image cannot be null,\nnotNull Violation: Product.product_name cannot be null,\nnotNull Violation: Product.product_images cannot be null,\nnotNull Violation: Product.quantity cannot be null,\nnotNull Violation: Product.price cannot be null,\nnotNull Violation: Product.vendor_id cannot be null\n    at InstanceValidator._validate (/home/emmanuel/kitchen/backend-projects/ecommerce-api/node_modules/sequelize/lib/instance-validator.js:50:13)\n    at process.processTicksAndRejections (node:internal/process/task_queues:95:5)\n    at async InstanceValidator._validateAndRunHooks (/home/emmanuel/kitchen/backend-projects/ecommerce-api/node_modules/sequelize/lib/instance-validator.js:60:7)\n    at async InstanceValidator.validate (/home/emmanuel/kitchen/backend-projects/ecommerce-api/node_modules/sequelize/lib/instance-validator.js:54:12)\n    at async model.save (/home/emmanuel/kitchen/backend-projects/ecommerce-api/node_modules/sequelize/lib/model.js:2426:7)\n    at async Product.create (/home/emmanuel/kitchen/backend-projects/ecommerce-api/node_modules/sequelize/lib/model.js:1362:12)\n    at async Object.create (file:///home/emmanuel/kitchen/backend-projects/ecommerce-api/src/modules/product/repository.js:8:12)\n    at async createProduct (file:///home/emmanuel/kitchen/backend-projects/ecommerce-api/src/modules/product/controller.js:32:21)"}
{"level":"error","message":"SequelizeValidationError: notNull Violation: Product.thubnail_image cannot be null,\nnotNull Violation: Product.product_name cannot be null,\nnotNull Violation: Product.product_images cannot be null,\nnotNull Violation: Product.quantity cannot be null,\nnotNull Violation: Product.price cannot be null,\nnotNull Violation: Product.vendor_id cannot be null\n    at InstanceValidator._validate (/home/emmanuel/kitchen/backend-projects/ecommerce-api/node_modules/sequelize/lib/instance-validator.js:50:13)\n    at process.processTicksAndRejections (node:internal/process/task_queues:95:5)\n    at async InstanceValidator._validateAndRunHooks (/home/emmanuel/kitchen/backend-projects/ecommerce-api/node_modules/sequelize/lib/instance-validator.js:60:7)\n    at async InstanceValidator.validate (/home/emmanuel/kitchen/backend-projects/ecommerce-api/node_modules/sequelize/lib/instance-validator.js:54:12)\n    at async model.save (/home/emmanuel/kitchen/backend-projects/ecommerce-api/node_modules/sequelize/lib/model.js:2426:7)\n    at async Product.create (/home/emmanuel/kitchen/backend-projects/ecommerce-api/node_modules/sequelize/lib/model.js:1362:12)\n    at async Object.create (file:///home/emmanuel/kitchen/backend-projects/ecommerce-api/src/modules/product/repository.js:8:12)\n    at async createProduct (file:///home/emmanuel/kitchen/backend-projects/ecommerce-api/src/modules/product/controller.js:32:21)"}
{"level":"error","message":"SequelizeValidationError: notNull Violation: Product.thubnail_image cannot be null,\nnotNull Violation: Product.product_name cannot be null,\nnotNull Violation: Product.product_images cannot be null,\nnotNull Violation: Product.quantity cannot be null,\nnotNull Violation: Product.price cannot be null,\nnotNull Violation: Product.vendor_id cannot be null\n    at InstanceValidator._validate (/home/emmanuel/kitchen/backend-projects/ecommerce-api/node_modules/sequelize/lib/instance-validator.js:50:13)\n    at process.processTicksAndRejections (node:internal/process/task_queues:95:5)\n    at async InstanceValidator._validateAndRunHooks (/home/emmanuel/kitchen/backend-projects/ecommerce-api/node_modules/sequelize/lib/instance-validator.js:60:7)\n    at async InstanceValidator.validate (/home/emmanuel/kitchen/backend-projects/ecommerce-api/node_modules/sequelize/lib/instance-validator.js:54:12)\n    at async model.save (/home/emmanuel/kitchen/backend-projects/ecommerce-api/node_modules/sequelize/lib/model.js:2426:7)\n    at async Product.create (/home/emmanuel/kitchen/backend-projects/ecommerce-api/node_modules/sequelize/lib/model.js:1362:12)\n    at async Object.create (file:///home/emmanuel/kitchen/backend-projects/ecommerce-api/src/modules/product/repository.js:8:12)\n    at async createProduct (file:///home/emmanuel/kitchen/backend-projects/ecommerce-api/src/modules/product/controller.js:33:21)"}
{"level":"error","message":"productImagesBuffe is not defined"}
{"level":"error","message":"SequelizeValidationError: notNull Violation: Product.thubnail_image cannot be null,\nnotNull Violation: Product.product_name cannot be null,\nnotNull Violation: Product.product_images cannot be null,\nnotNull Violation: Product.quantity cannot be null,\nnotNull Violation: Product.price cannot be null,\nnotNull Violation: Product.vendor_id cannot be null\n    at InstanceValidator._validate (/home/emmanuel/kitchen/backend-projects/ecommerce-api/node_modules/sequelize/lib/instance-validator.js:50:13)\n    at process.processTicksAndRejections (node:internal/process/task_queues:95:5)\n    at async InstanceValidator._validateAndRunHooks (/home/emmanuel/kitchen/backend-projects/ecommerce-api/node_modules/sequelize/lib/instance-validator.js:60:7)\n    at async InstanceValidator.validate (/home/emmanuel/kitchen/backend-projects/ecommerce-api/node_modules/sequelize/lib/instance-validator.js:54:12)\n    at async model.save (/home/emmanuel/kitchen/backend-projects/ecommerce-api/node_modules/sequelize/lib/model.js:2426:7)\n    at async Product.create (/home/emmanuel/kitchen/backend-projects/ecommerce-api/node_modules/sequelize/lib/model.js:1362:12)\n    at async Object.create (file:///home/emmanuel/kitchen/backend-projects/ecommerce-api/src/modules/product/repository.js:8:12)\n    at async createProduct (file:///home/emmanuel/kitchen/backend-projects/ecommerce-api/src/modules/product/controller.js:32:21)"}
{"level":"error","message":"Request Timeout"}
{"level":"error","message":"SequelizeValidationError: notNull Violation: Product.thubnail_image cannot be null,\nnotNull Violation: Product.product_name cannot be null,\nnotNull Violation: Product.product_images cannot be null,\nnotNull Violation: Product.quantity cannot be null,\nnotNull Violation: Product.price cannot be null,\nnotNull Violation: Product.vendor_id cannot be null\n    at InstanceValidator._validate (/home/emmanuel/kitchen/backend-projects/ecommerce-api/node_modules/sequelize/lib/instance-validator.js:50:13)\n    at process.processTicksAndRejections (node:internal/process/task_queues:95:5)\n    at async InstanceValidator._validateAndRunHooks (/home/emmanuel/kitchen/backend-projects/ecommerce-api/node_modules/sequelize/lib/instance-validator.js:60:7)\n    at async InstanceValidator.validate (/home/emmanuel/kitchen/backend-projects/ecommerce-api/node_modules/sequelize/lib/instance-validator.js:54:12)\n    at async model.save (/home/emmanuel/kitchen/backend-projects/ecommerce-api/node_modules/sequelize/lib/model.js:2426:7)\n    at async Product.create (/home/emmanuel/kitchen/backend-projects/ecommerce-api/node_modules/sequelize/lib/model.js:1362:12)\n    at async Object.create (file:///home/emmanuel/kitchen/backend-projects/ecommerce-api/src/modules/product/repository.js:8:12)\n    at async createProduct (file:///home/emmanuel/kitchen/backend-projects/ecommerce-api/src/modules/product/controller.js:32:21)"}
{"level":"error","message":"SequelizeValidationError: notNull Violation: Product.thubnail_image cannot be null,\nnotNull Violation: Product.product_name cannot be null,\nnotNull Violation: Product.product_images cannot be null,\nnotNull Violation: Product.quantity cannot be null,\nnotNull Violation: Product.price cannot be null,\nnotNull Violation: Product.vendor_id cannot be null\n    at InstanceValidator._validate (/home/emmanuel/kitchen/backend-projects/ecommerce-api/node_modules/sequelize/lib/instance-validator.js:50:13)\n    at process.processTicksAndRejections (node:internal/process/task_queues:95:5)\n    at async InstanceValidator._validateAndRunHooks (/home/emmanuel/kitchen/backend-projects/ecommerce-api/node_modules/sequelize/lib/instance-validator.js:60:7)\n    at async InstanceValidator.validate (/home/emmanuel/kitchen/backend-projects/ecommerce-api/node_modules/sequelize/lib/instance-validator.js:54:12)\n    at async model.save (/home/emmanuel/kitchen/backend-projects/ecommerce-api/node_modules/sequelize/lib/model.js:2426:7)\n    at async Product.create (/home/emmanuel/kitchen/backend-projects/ecommerce-api/node_modules/sequelize/lib/model.js:1362:12)\n    at async Object.create (file:///home/emmanuel/kitchen/backend-projects/ecommerce-api/src/modules/product/repository.js:8:12)\n    at async createProduct (file:///home/emmanuel/kitchen/backend-projects/ecommerce-api/src/modules/product/controller.js:32:21)"}
{"level":"error","message":"SequelizeValidationError: notNull Violation: Product.thubnail_image cannot be null,\nnotNull Violation: Product.product_name cannot be null,\nnotNull Violation: Product.product_images cannot be null,\nnotNull Violation: Product.quantity cannot be null,\nnotNull Violation: Product.price cannot be null,\nnotNull Violation: Product.vendor_id cannot be null\n    at InstanceValidator._validate (/home/emmanuel/kitchen/backend-projects/ecommerce-api/node_modules/sequelize/lib/instance-validator.js:50:13)\n    at process.processTicksAndRejections (node:internal/process/task_queues:95:5)\n    at async InstanceValidator._validateAndRunHooks (/home/emmanuel/kitchen/backend-projects/ecommerce-api/node_modules/sequelize/lib/instance-validator.js:60:7)\n    at async InstanceValidator.validate (/home/emmanuel/kitchen/backend-projects/ecommerce-api/node_modules/sequelize/lib/instance-validator.js:54:12)\n    at async model.save (/home/emmanuel/kitchen/backend-projects/ecommerce-api/node_modules/sequelize/lib/model.js:2426:7)\n    at async Product.create (/home/emmanuel/kitchen/backend-projects/ecommerce-api/node_modules/sequelize/lib/model.js:1362:12)\n    at async Object.create (file:///home/emmanuel/kitchen/backend-projects/ecommerce-api/src/modules/product/repository.js:8:12)\n    at async createProduct (file:///home/emmanuel/kitchen/backend-projects/ecommerce-api/src/modules/product/controller.js:32:21)"}
{"level":"error","message":"Spread syntax requires ...iterable[Symbol.iterator] to be a function"}
{"level":"error","message":"readableStream.pipe is not a function"}
{"level":"error","message":"Request Timeout"}
{"level":"error","message":"SequelizeValidationError: notNull Violation: Product.thubnail_image cannot be null,\nnotNull Violation: Product.product_name cannot be null,\nnotNull Violation: Product.quantity cannot be null,\nnotNull Violation: Product.price cannot be null,\nnotNull Violation: Product.vendor_id cannot be null\n    at InstanceValidator._validate (/home/emmanuel/kitchen/backend-projects/ecommerce-api/node_modules/sequelize/lib/instance-validator.js:50:13)\n    at process.processTicksAndRejections (node:internal/process/task_queues:95:5)\n    at async InstanceValidator._validateAndRunHooks (/home/emmanuel/kitchen/backend-projects/ecommerce-api/node_modules/sequelize/lib/instance-validator.js:60:7)\n    at async InstanceValidator.validate (/home/emmanuel/kitchen/backend-projects/ecommerce-api/node_modules/sequelize/lib/instance-validator.js:54:12)\n    at async model.save (/home/emmanuel/kitchen/backend-projects/ecommerce-api/node_modules/sequelize/lib/model.js:2426:7)\n    at async Product.create (/home/emmanuel/kitchen/backend-projects/ecommerce-api/node_modules/sequelize/lib/model.js:1362:12)\n    at async Object.create (file:///home/emmanuel/kitchen/backend-projects/ecommerce-api/src/modules/product/repository.js:8:12)\n    at async createProduct (file:///home/emmanuel/kitchen/backend-projects/ecommerce-api/src/modules/product/controller.js:30:21)"}
{"level":"error","message":"SequelizeValidationError: notNull Violation: Product.thubnail_image cannot be null,\nnotNull Violation: Product.product_name cannot be null,\nnotNull Violation: Product.quantity cannot be null,\nnotNull Violation: Product.price cannot be null,\nnotNull Violation: Product.vendor_id cannot be null\n    at InstanceValidator._validate (/home/emmanuel/kitchen/backend-projects/ecommerce-api/node_modules/sequelize/lib/instance-validator.js:50:13)\n    at process.processTicksAndRejections (node:internal/process/task_queues:95:5)\n    at async InstanceValidator._validateAndRunHooks (/home/emmanuel/kitchen/backend-projects/ecommerce-api/node_modules/sequelize/lib/instance-validator.js:60:7)\n    at async InstanceValidator.validate (/home/emmanuel/kitchen/backend-projects/ecommerce-api/node_modules/sequelize/lib/instance-validator.js:54:12)\n    at async model.save (/home/emmanuel/kitchen/backend-projects/ecommerce-api/node_modules/sequelize/lib/model.js:2426:7)\n    at async Product.create (/home/emmanuel/kitchen/backend-projects/ecommerce-api/node_modules/sequelize/lib/model.js:1362:12)\n    at async Object.create (file:///home/emmanuel/kitchen/backend-projects/ecommerce-api/src/modules/product/repository.js:8:12)\n    at async createProduct (file:///home/emmanuel/kitchen/backend-projects/ecommerce-api/src/modules/product/controller.js:30:21)"}
{"level":"error","message":"ReferenceError: date is not defined\n    at Object.create (file:///home/emmanuel/kitchen/backend-projects/ecommerce-api/src/modules/product/repository.js:10:21)\n    at createProduct (file:///home/emmanuel/kitchen/backend-projects/ecommerce-api/src/modules/product/controller.js:30:38)\n    at process.processTicksAndRejections (node:internal/process/task_queues:95:5)"}
{"level":"error","message":"ReferenceError: date is not defined\n    at Object.create (file:///home/emmanuel/kitchen/backend-projects/ecommerce-api/src/modules/product/repository.js:10:21)\n    at createProduct (file:///home/emmanuel/kitchen/backend-projects/ecommerce-api/src/modules/product/controller.js:30:38)\n    at process.processTicksAndRejections (node:internal/process/task_queues:95:5)"}
{"level":"error","message":"SequelizeValidationError: notNull Violation: Product.price cannot be null\n    at InstanceValidator._validate (/home/emmanuel/kitchen/backend-projects/ecommerce-api/node_modules/sequelize/lib/instance-validator.js:50:13)\n    at process.processTicksAndRejections (node:internal/process/task_queues:95:5)\n    at async InstanceValidator._validateAndRunHooks (/home/emmanuel/kitchen/backend-projects/ecommerce-api/node_modules/sequelize/lib/instance-validator.js:60:7)\n    at async InstanceValidator.validate (/home/emmanuel/kitchen/backend-projects/ecommerce-api/node_modules/sequelize/lib/instance-validator.js:54:12)\n    at async model.save (/home/emmanuel/kitchen/backend-projects/ecommerce-api/node_modules/sequelize/lib/model.js:2426:7)\n    at async Product.create (/home/emmanuel/kitchen/backend-projects/ecommerce-api/node_modules/sequelize/lib/model.js:1362:12)\n    at async Object.create (file:///home/emmanuel/kitchen/backend-projects/ecommerce-api/src/modules/product/repository.js:8:12)\n    at async createProduct (file:///home/emmanuel/kitchen/backend-projects/ecommerce-api/src/modules/product/controller.js:30:21)"}
{"level":"error","message":"req.files.product_images.buffer is not iterable"}
{"level":"error","message":"file.buffer.split is not a function"}
{"level":"error","message":"getaddrinfo EAI_AGAIN api.cloudinary.com"}
{"level":"error","message":"Request Timeout"}
{"level":"error","message":"req.files.product_images.buffer is not iterable"}
{"level":"error","message":"Request Timeout"}
{"level":"error","message":"arry is not defined"}
{"level":"error","message":"file is not defined"}
{"level":"error","message":"productImagesBuffer.buffer is not iterable (cannot read property undefined)"}
{"level":"error","message":"Request Timeout"}
{"level":"error","message":"object is not iterable (cannot read property Symbol(Symbol.iterator))"}
{"level":"error","message":"SequelizeValidationError: notNull Violation: Product.product_images cannot be null\n    at InstanceValidator._validate (/home/emmanuel/kitchen/backend-projects/ecommerce-api/node_modules/sequelize/lib/instance-validator.js:50:13)\n    at process.processTicksAndRejections (node:internal/process/task_queues:95:5)\n    at async InstanceValidator._validateAndRunHooks (/home/emmanuel/kitchen/backend-projects/ecommerce-api/node_modules/sequelize/lib/instance-validator.js:60:7)\n    at async InstanceValidator.validate (/home/emmanuel/kitchen/backend-projects/ecommerce-api/node_modules/sequelize/lib/instance-validator.js:54:12)\n    at async model.save (/home/emmanuel/kitchen/backend-projects/ecommerce-api/node_modules/sequelize/lib/model.js:2426:7)\n    at async Product.create (/home/emmanuel/kitchen/backend-projects/ecommerce-api/node_modules/sequelize/lib/model.js:1362:12)\n    at async Object.create (file:///home/emmanuel/kitchen/backend-projects/ecommerce-api/src/modules/product/repository.js:8:12)\n    at async createProduct (file:///home/emmanuel/kitchen/backend-projects/ecommerce-api/src/modules/product/controller.js:35:21)"}
{"level":"error","message":"SequelizeValidationError: notNull Violation: Product.product_images cannot be null\n    at InstanceValidator._validate (/home/emmanuel/kitchen/backend-projects/ecommerce-api/node_modules/sequelize/lib/instance-validator.js:50:13)\n    at process.processTicksAndRejections (node:internal/process/task_queues:95:5)\n    at async InstanceValidator._validateAndRunHooks (/home/emmanuel/kitchen/backend-projects/ecommerce-api/node_modules/sequelize/lib/instance-validator.js:60:7)\n    at async InstanceValidator.validate (/home/emmanuel/kitchen/backend-projects/ecommerce-api/node_modules/sequelize/lib/instance-validator.js:54:12)\n    at async model.save (/home/emmanuel/kitchen/backend-projects/ecommerce-api/node_modules/sequelize/lib/model.js:2426:7)\n    at async Product.create (/home/emmanuel/kitchen/backend-projects/ecommerce-api/node_modules/sequelize/lib/model.js:1362:12)\n    at async Object.create (file:///home/emmanuel/kitchen/backend-projects/ecommerce-api/src/modules/product/repository.js:8:12)\n    at async createProduct (file:///home/emmanuel/kitchen/backend-projects/ecommerce-api/src/modules/product/controller.js:35:21)"}
{"level":"error","message":"SequelizeValidationError: notNull Violation: Product.product_images cannot be null\n    at InstanceValidator._validate (/home/emmanuel/kitchen/backend-projects/ecommerce-api/node_modules/sequelize/lib/instance-validator.js:50:13)\n    at process.processTicksAndRejections (node:internal/process/task_queues:95:5)\n    at async InstanceValidator._validateAndRunHooks (/home/emmanuel/kitchen/backend-projects/ecommerce-api/node_modules/sequelize/lib/instance-validator.js:60:7)\n    at async InstanceValidator.validate (/home/emmanuel/kitchen/backend-projects/ecommerce-api/node_modules/sequelize/lib/instance-validator.js:54:12)\n    at async model.save (/home/emmanuel/kitchen/backend-projects/ecommerce-api/node_modules/sequelize/lib/model.js:2426:7)\n    at async Product.create (/home/emmanuel/kitchen/backend-projects/ecommerce-api/node_modules/sequelize/lib/model.js:1362:12)\n    at async Object.create (file:///home/emmanuel/kitchen/backend-projects/ecommerce-api/src/modules/product/repository.js:8:12)\n    at async createProduct (file:///home/emmanuel/kitchen/backend-projects/ecommerce-api/src/modules/product/controller.js:35:21)"}
{"level":"error","message":"productImages.url is not iterable (cannot read property undefined)"}
{"level":"error","message":"SequelizeValidationError: notNull Violation: Product.product_images cannot be null\n    at InstanceValidator._validate (/home/emmanuel/kitchen/backend-projects/ecommerce-api/node_modules/sequelize/lib/instance-validator.js:50:13)\n    at process.processTicksAndRejections (node:internal/process/task_queues:95:5)\n    at async InstanceValidator._validateAndRunHooks (/home/emmanuel/kitchen/backend-projects/ecommerce-api/node_modules/sequelize/lib/instance-validator.js:60:7)\n    at async InstanceValidator.validate (/home/emmanuel/kitchen/backend-projects/ecommerce-api/node_modules/sequelize/lib/instance-validator.js:54:12)\n    at async model.save (/home/emmanuel/kitchen/backend-projects/ecommerce-api/node_modules/sequelize/lib/model.js:2426:7)\n    at async Product.create (/home/emmanuel/kitchen/backend-projects/ecommerce-api/node_modules/sequelize/lib/model.js:1362:12)\n    at async Object.create (file:///home/emmanuel/kitchen/backend-projects/ecommerce-api/src/modules/product/repository.js:8:12)\n    at async createProduct (file:///home/emmanuel/kitchen/backend-projects/ecommerce-api/src/modules/product/controller.js:35:21)"}
{"level":"error","message":"productImages.map is not a function"}
{"level":"error","message":"SequelizeValidationError: notNull Violation: Product.product_images cannot be null\n    at InstanceValidator._validate (/home/emmanuel/kitchen/backend-projects/ecommerce-api/node_modules/sequelize/lib/instance-validator.js:50:13)\n    at process.processTicksAndRejections (node:internal/process/task_queues:95:5)\n    at async InstanceValidator._validateAndRunHooks (/home/emmanuel/kitchen/backend-projects/ecommerce-api/node_modules/sequelize/lib/instance-validator.js:60:7)\n    at async InstanceValidator.validate (/home/emmanuel/kitchen/backend-projects/ecommerce-api/node_modules/sequelize/lib/instance-validator.js:54:12)\n    at async model.save (/home/emmanuel/kitchen/backend-projects/ecommerce-api/node_modules/sequelize/lib/model.js:2426:7)\n    at async Product.create (/home/emmanuel/kitchen/backend-projects/ecommerce-api/node_modules/sequelize/lib/model.js:1362:12)\n    at async Object.create (file:///home/emmanuel/kitchen/backend-projects/ecommerce-api/src/modules/product/repository.js:8:12)\n    at async createProduct (file:///home/emmanuel/kitchen/backend-projects/ecommerce-api/src/modules/product/controller.js:35:21)"}
{"level":"error","message":"SequelizeValidationError: notNull Violation: Product.product_images cannot be null\n    at InstanceValidator._validate (/home/emmanuel/kitchen/backend-projects/ecommerce-api/node_modules/sequelize/lib/instance-validator.js:50:13)\n    at process.processTicksAndRejections (node:internal/process/task_queues:95:5)\n    at async InstanceValidator._validateAndRunHooks (/home/emmanuel/kitchen/backend-projects/ecommerce-api/node_modules/sequelize/lib/instance-validator.js:60:7)\n    at async InstanceValidator.validate (/home/emmanuel/kitchen/backend-projects/ecommerce-api/node_modules/sequelize/lib/instance-validator.js:54:12)\n    at async model.save (/home/emmanuel/kitchen/backend-projects/ecommerce-api/node_modules/sequelize/lib/model.js:2426:7)\n    at async Product.create (/home/emmanuel/kitchen/backend-projects/ecommerce-api/node_modules/sequelize/lib/model.js:1362:12)\n    at async Object.create (file:///home/emmanuel/kitchen/backend-projects/ecommerce-api/src/modules/product/repository.js:8:12)\n    at async createProduct (file:///home/emmanuel/kitchen/backend-projects/ecommerce-api/src/modules/product/controller.js:35:21)"}
{"level":"error","message":"\"productId\" is required"}
{"level":"error","message":"\"search\" is not allowed"}
{"level":"error","message":"\"search\" is not allowed"}
{"level":"error","message":"\"search\" is not allowed"}
{"level":"error","message":"repository.fetchById is not a function"}
{"level":"error","message":"\"role\" must be one of [Admin, Seller, User]"}
{"level":"error","message":"Cannot read properties of null (reading 'userId')"}
{"level":"error","message":"Request Timeout"}
{"level":"error","message":"SequelizeValidationError: notNull Violation: Product.category_id cannot be null\n    at InstanceValidator._validate (/home/emmanuel/kitchen/backend-projects/ecommerce-api/node_modules/sequelize/lib/instance-validator.js:50:13)\n    at process.processTicksAndRejections (node:internal/process/task_queues:95:5)\n    at async InstanceValidator._validateAndRunHooks (/home/emmanuel/kitchen/backend-projects/ecommerce-api/node_modules/sequelize/lib/instance-validator.js:60:7)\n    at async InstanceValidator.validate (/home/emmanuel/kitchen/backend-projects/ecommerce-api/node_modules/sequelize/lib/instance-validator.js:54:12)\n    at async model.save (/home/emmanuel/kitchen/backend-projects/ecommerce-api/node_modules/sequelize/lib/model.js:2426:7)\n    at async Product.create (/home/emmanuel/kitchen/backend-projects/ecommerce-api/node_modules/sequelize/lib/model.js:1362:12)\n    at async file:///home/emmanuel/kitchen/backend-projects/ecommerce-api/src/modules/product/repository.js:9:23\n    at async /home/emmanuel/kitchen/backend-projects/ecommerce-api/node_modules/sequelize/lib/sequelize.js:507:18\n    at async Object.create (file:///home/emmanuel/kitchen/backend-projects/ecommerce-api/src/modules/product/repository.js:8:12)\n    at async createProduct (file:///home/emmanuel/kitchen/backend-projects/ecommerce-api/src/modules/product/controller.js:34:21)"}
{"level":"error","message":"SequelizeValidationError: notNull Violation: ProductCategry.product_id cannot be null\n    at InstanceValidator._validate (/home/emmanuel/kitchen/backend-projects/ecommerce-api/node_modules/sequelize/lib/instance-validator.js:50:13)\n    at process.processTicksAndRejections (node:internal/process/task_queues:95:5)\n    at async InstanceValidator._validateAndRunHooks (/home/emmanuel/kitchen/backend-projects/ecommerce-api/node_modules/sequelize/lib/instance-validator.js:60:7)\n    at async InstanceValidator.validate (/home/emmanuel/kitchen/backend-projects/ecommerce-api/node_modules/sequelize/lib/instance-validator.js:54:12)\n    at async model.save (/home/emmanuel/kitchen/backend-projects/ecommerce-api/node_modules/sequelize/lib/model.js:2426:7)\n    at async ProductCategry.create (/home/emmanuel/kitchen/backend-projects/ecommerce-api/node_modules/sequelize/lib/model.js:1362:12)\n    at async file:///home/emmanuel/kitchen/backend-projects/ecommerce-api/src/modules/product/repository.js:22:7\n    at async /home/emmanuel/kitchen/backend-projects/ecommerce-api/node_modules/sequelize/lib/sequelize.js:507:18\n    at async Object.create (file:///home/emmanuel/kitchen/backend-projects/ecommerce-api/src/modules/product/repository.js:8:12)\n    at async createProduct (file:///home/emmanuel/kitchen/backend-projects/ecommerce-api/src/modules/product/controller.js:34:21)"}
{"level":"error","message":"Cannot read properties of undefined (reading 'split')"}
{"level":"error","message":"Cannot read properties of undefined (reading '0')"}
{"level":"error","message":"Cannot read properties of undefined (reading '0')"}
{"level":"error","message":"Cannot read properties of undefined (reading '0')"}
{"level":"error","message":"Cannot read properties of undefined (reading '0')"}
{"level":"error","message":"Cannot read properties of undefined (reading '0')"}
{"level":"error","message":"Cannot read properties of undefined (reading '0')"}
{"level":"error","message":"Cannot read properties of undefined (reading '0')"}
{"level":"error","message":"Cannot read properties of undefined (reading '0')"}
{"level":"error","message":"Cannot read properties of undefined (reading '0')"}
{"level":"error","message":"Cannot read properties of undefined (reading '0')"}
{"level":"error","message":"Cannot read properties of undefined (reading '0')"}
{"level":"error","message":"Cannot read properties of undefined (reading '0')"}
{"level":"error","message":"productImagesBuffer is not iterable"}
{"level":"error","message":"productImagesBuffer is not iterable"}
{"level":"error","message":"productImagesBuffer is not iterable"}
{"level":"error","message":"TypeError: Cannot read properties of undefined (reading 'url')\n    at Object.update (file:///home/emmanuel/kitchen/backend-projects/ecommerce-api/src/modules/product/repository.js:45:36)\n    at updateProduct (file:///home/emmanuel/kitchen/backend-projects/ecommerce-api/src/modules/product/controller.js:127:38)\n    at process.processTicksAndRejections (node:internal/process/task_queues:95:5)"}
{"level":"error","message":"TypeError: Cannot read properties of undefined (reading 'url')\n    at Object.update (file:///home/emmanuel/kitchen/backend-projects/ecommerce-api/src/modules/product/repository.js:45:36)\n    at updateProduct (file:///home/emmanuel/kitchen/backend-projects/ecommerce-api/src/modules/product/controller.js:127:38)\n    at process.processTicksAndRejections (node:internal/process/task_queues:95:5)"}
{"level":"error","message":"TypeError: Cannot read properties of undefined (reading 'map')\n    at Object.update (file:///home/emmanuel/kitchen/backend-projects/ecommerce-api/src/modules/product/repository.js:47:25)\n    at updateProduct (file:///home/emmanuel/kitchen/backend-projects/ecommerce-api/src/modules/product/controller.js:127:38)\n    at process.processTicksAndRejections (node:internal/process/task_queues:95:5)"}
{"level":"error","message":"getCategorySchema is not a function"}
{"level":"error","message":"\"categoryId\" must be a number"}
{"level":"error","message":"\"categoryId\" must be a valid GUID"}
{"level":"error","message":"SequelizeEagerLoadingError: Product is not associated to ProductCategry!\n    at ProductCategry._getIncludedAssociation (/home/emmanuel/kitchen/backend-projects/ecommerce-api/node_modules/sequelize/lib/model.js:565:13)\n    at ProductCategry._validateIncludedElement (/home/emmanuel/kitchen/backend-projects/ecommerce-api/node_modules/sequelize/lib/model.js:502:53)\n    at /home/emmanuel/kitchen/backend-projects/ecommerce-api/node_modules/sequelize/lib/model.js:421:37\n    at Array.map (<anonymous>)\n    at ProductCategry._validateIncludedElements (/home/emmanuel/kitchen/backend-projects/ecommerce-api/node_modules/sequelize/lib/model.js:417:39)\n    at ProductCategry.findAll (/home/emmanuel/kitchen/backend-projects/ecommerce-api/node_modules/sequelize/lib/model.js:1124:12)\n    at process.processTicksAndRejections (node:internal/process/task_queues:95:5)\n    at async Object.findCategoryById (file:///home/emmanuel/kitchen/backend-projects/ecommerce-api/src/modules/category/repository.js:25:12)\n    at async getCategory (file:///home/emmanuel/kitchen/backend-projects/ecommerce-api/src/modules/category/controller.js:30:22)"}
{"level":"error","message":"SequelizeEagerLoadingError: Product is not associated to ProductCategory!\n    at ProductCategory._getIncludedAssociation (/home/emmanuel/kitchen/backend-projects/ecommerce-api/node_modules/sequelize/lib/model.js:565:13)\n    at ProductCategory._validateIncludedElement (/home/emmanuel/kitchen/backend-projects/ecommerce-api/node_modules/sequelize/lib/model.js:502:53)\n    at /home/emmanuel/kitchen/backend-projects/ecommerce-api/node_modules/sequelize/lib/model.js:421:37\n    at Array.map (<anonymous>)\n    at ProductCategory._validateIncludedElements (/home/emmanuel/kitchen/backend-projects/ecommerce-api/node_modules/sequelize/lib/model.js:417:39)\n    at ProductCategory.findAll (/home/emmanuel/kitchen/backend-projects/ecommerce-api/node_modules/sequelize/lib/model.js:1124:12)\n    at process.processTicksAndRejections (node:internal/process/task_queues:95:5)\n    at async Object.findCategoryById (file:///home/emmanuel/kitchen/backend-projects/ecommerce-api/src/modules/category/repository.js:25:12)\n    at async getCategory (file:///home/emmanuel/kitchen/backend-projects/ecommerce-api/src/modules/category/controller.js:30:22)"}
{"level":"error","message":"Error\n    at Query.run (/home/emmanuel/kitchen/backend-projects/ecommerce-api/node_modules/sequelize/lib/dialects/postgres/query.js:50:25)\n    at /home/emmanuel/kitchen/backend-projects/ecommerce-api/node_modules/sequelize/lib/sequelize.js:315:28\n    at process.processTicksAndRejections (node:internal/process/task_queues:95:5)\n    at async PostgresQueryInterface.insert (/home/emmanuel/kitchen/backend-projects/ecommerce-api/node_modules/sequelize/lib/dialects/abstract/query-interface.js:308:21)\n    at async model.save (/home/emmanuel/kitchen/backend-projects/ecommerce-api/node_modules/sequelize/lib/model.js:2490:35)\n    at async ProductCategory.create (/home/emmanuel/kitchen/backend-projects/ecommerce-api/node_modules/sequelize/lib/model.js:1362:12)\n    at async file:///home/emmanuel/kitchen/backend-projects/ecommerce-api/src/modules/product/repository.js:22:7\n    at async /home/emmanuel/kitchen/backend-projects/ecommerce-api/node_modules/sequelize/lib/sequelize.js:507:18\n    at async Object.create (file:///home/emmanuel/kitchen/backend-projects/ecommerce-api/src/modules/product/repository.js:8:12)\n    at async createProduct (file:///home/emmanuel/kitchen/backend-projects/ecommerce-api/src/modules/product/controller.js:34:21)"}
{"level":"error","message":"Error\n    at Query.run (/home/emmanuel/kitchen/backend-projects/ecommerce-api/node_modules/sequelize/lib/dialects/postgres/query.js:50:25)\n    at /home/emmanuel/kitchen/backend-projects/ecommerce-api/node_modules/sequelize/lib/sequelize.js:315:28\n    at process.processTicksAndRejections (node:internal/process/task_queues:95:5)\n    at async PostgresQueryInterface.insert (/home/emmanuel/kitchen/backend-projects/ecommerce-api/node_modules/sequelize/lib/dialects/abstract/query-interface.js:308:21)\n    at async model.save (/home/emmanuel/kitchen/backend-projects/ecommerce-api/node_modules/sequelize/lib/model.js:2490:35)\n    at async ProductCategory.create (/home/emmanuel/kitchen/backend-projects/ecommerce-api/node_modules/sequelize/lib/model.js:1362:12)\n    at async file:///home/emmanuel/kitchen/backend-projects/ecommerce-api/src/modules/product/repository.js:22:7\n    at async /home/emmanuel/kitchen/backend-projects/ecommerce-api/node_modules/sequelize/lib/sequelize.js:507:18\n    at async Object.create (file:///home/emmanuel/kitchen/backend-projects/ecommerce-api/src/modules/product/repository.js:8:12)\n    at async createProduct (file:///home/emmanuel/kitchen/backend-projects/ecommerce-api/src/modules/product/controller.js:34:21)"}
{"level":"error","message":"Database connection failed"}
{"level":"error","message":"Database connection failed"}
{"level":"error","message":"SequelizeEagerLoadingError: Product is not associated to ProductCategory!\n    at ProductCategory._getIncludedAssociation (/home/emmanuel/kitchen/backend-projects/ecommerce-api/node_modules/sequelize/lib/model.js:565:13)\n    at ProductCategory._validateIncludedElement (/home/emmanuel/kitchen/backend-projects/ecommerce-api/node_modules/sequelize/lib/model.js:502:53)\n    at /home/emmanuel/kitchen/backend-projects/ecommerce-api/node_modules/sequelize/lib/model.js:421:37\n    at Array.map (<anonymous>)\n    at ProductCategory._validateIncludedElements (/home/emmanuel/kitchen/backend-projects/ecommerce-api/node_modules/sequelize/lib/model.js:417:39)\n    at ProductCategory.findAll (/home/emmanuel/kitchen/backend-projects/ecommerce-api/node_modules/sequelize/lib/model.js:1124:12)\n    at process.processTicksAndRejections (node:internal/process/task_queues:95:5)\n    at async Object.findCategoryById (file:///home/emmanuel/kitchen/backend-projects/ecommerce-api/src/modules/category/repository.js:25:12)\n    at async getCategory (file:///home/emmanuel/kitchen/backend-projects/ecommerce-api/src/modules/category/controller.js:30:22)"}
{"level":"error","message":"SequelizeEagerLoadingError: Product is not associated to ProductCategory!\n    at ProductCategory._getIncludedAssociation (/home/emmanuel/kitchen/backend-projects/ecommerce-api/node_modules/sequelize/lib/model.js:565:13)\n    at ProductCategory._validateIncludedElement (/home/emmanuel/kitchen/backend-projects/ecommerce-api/node_modules/sequelize/lib/model.js:502:53)\n    at /home/emmanuel/kitchen/backend-projects/ecommerce-api/node_modules/sequelize/lib/model.js:421:37\n    at Array.map (<anonymous>)\n    at ProductCategory._validateIncludedElements (/home/emmanuel/kitchen/backend-projects/ecommerce-api/node_modules/sequelize/lib/model.js:417:39)\n    at ProductCategory.findAll (/home/emmanuel/kitchen/backend-projects/ecommerce-api/node_modules/sequelize/lib/model.js:1124:12)\n    at process.processTicksAndRejections (node:internal/process/task_queues:95:5)\n    at async Object.findCategoryById (file:///home/emmanuel/kitchen/backend-projects/ecommerce-api/src/modules/category/repository.js:25:12)\n    at async getCategory (file:///home/emmanuel/kitchen/backend-projects/ecommerce-api/src/modules/category/controller.js:30:22)"}
{"level":"error","message":"SequelizeEagerLoadingError: Product is not associated to ProductCategory!\n    at ProductCategory._getIncludedAssociation (/home/emmanuel/kitchen/backend-projects/ecommerce-api/node_modules/sequelize/lib/model.js:565:13)\n    at ProductCategory._validateIncludedElement (/home/emmanuel/kitchen/backend-projects/ecommerce-api/node_modules/sequelize/lib/model.js:502:53)\n    at /home/emmanuel/kitchen/backend-projects/ecommerce-api/node_modules/sequelize/lib/model.js:421:37\n    at Array.map (<anonymous>)\n    at ProductCategory._validateIncludedElements (/home/emmanuel/kitchen/backend-projects/ecommerce-api/node_modules/sequelize/lib/model.js:417:39)\n    at ProductCategory.findAll (/home/emmanuel/kitchen/backend-projects/ecommerce-api/node_modules/sequelize/lib/model.js:1124:12)\n    at process.processTicksAndRejections (node:internal/process/task_queues:95:5)\n    at async Object.findCategoryById (file:///home/emmanuel/kitchen/backend-projects/ecommerce-api/src/modules/category/repository.js:25:12)\n    at async getCategory (file:///home/emmanuel/kitchen/backend-projects/ecommerce-api/src/modules/category/controller.js:30:22)"}
{"level":"error","message":"SequelizeEagerLoadingError: Product is not associated to ProductCategory!\n    at ProductCategory._getIncludedAssociation (/home/emmanuel/kitchen/backend-projects/ecommerce-api/node_modules/sequelize/lib/model.js:565:13)\n    at ProductCategory._validateIncludedElement (/home/emmanuel/kitchen/backend-projects/ecommerce-api/node_modules/sequelize/lib/model.js:502:53)\n    at /home/emmanuel/kitchen/backend-projects/ecommerce-api/node_modules/sequelize/lib/model.js:421:37\n    at Array.map (<anonymous>)\n    at ProductCategory._validateIncludedElements (/home/emmanuel/kitchen/backend-projects/ecommerce-api/node_modules/sequelize/lib/model.js:417:39)\n    at ProductCategory.findAll (/home/emmanuel/kitchen/backend-projects/ecommerce-api/node_modules/sequelize/lib/model.js:1124:12)\n    at process.processTicksAndRejections (node:internal/process/task_queues:95:5)\n    at async ProductCategory.findOne (/home/emmanuel/kitchen/backend-projects/ecommerce-api/node_modules/sequelize/lib/model.js:1240:12)\n    at async ProductCategory.findByPk (/home/emmanuel/kitchen/backend-projects/ecommerce-api/node_modules/sequelize/lib/model.js:1221:12)\n    at async Object.findCategoryById (file:///home/emmanuel/kitchen/backend-projects/ecommerce-api/src/modules/category/repository.js:25:12)"}
{"level":"error","message":"SequelizeEagerLoadingError: Product is not associated to ProductCategory!\n    at ProductCategory._getIncludedAssociation (/home/emmanuel/kitchen/backend-projects/ecommerce-api/node_modules/sequelize/lib/model.js:565:13)\n    at ProductCategory._validateIncludedElement (/home/emmanuel/kitchen/backend-projects/ecommerce-api/node_modules/sequelize/lib/model.js:502:53)\n    at /home/emmanuel/kitchen/backend-projects/ecommerce-api/node_modules/sequelize/lib/model.js:421:37\n    at Array.map (<anonymous>)\n    at ProductCategory._validateIncludedElements (/home/emmanuel/kitchen/backend-projects/ecommerce-api/node_modules/sequelize/lib/model.js:417:39)\n    at ProductCategory.findAll (/home/emmanuel/kitchen/backend-projects/ecommerce-api/node_modules/sequelize/lib/model.js:1124:12)\n    at process.processTicksAndRejections (node:internal/process/task_queues:95:5)\n    at async ProductCategory.findOne (/home/emmanuel/kitchen/backend-projects/ecommerce-api/node_modules/sequelize/lib/model.js:1240:12)\n    at async ProductCategory.findByPk (/home/emmanuel/kitchen/backend-projects/ecommerce-api/node_modules/sequelize/lib/model.js:1221:12)\n    at async Object.findCategoryById (file:///home/emmanuel/kitchen/backend-projects/ecommerce-api/src/modules/category/repository.js:25:12)"}
{"level":"error","message":"\"categoryName\" is required"}
{"level":"error","message":"SequelizeValidationError: string violation: name cannot be an array or an object\n    at InstanceValidator._validate (/home/emmanuel/kitchen/backend-projects/ecommerce-api/node_modules/sequelize/lib/instance-validator.js:50:13)\n    at process.processTicksAndRejections (node:internal/process/task_queues:95:5)\n    at async InstanceValidator._validateAndRunHooks (/home/emmanuel/kitchen/backend-projects/ecommerce-api/node_modules/sequelize/lib/instance-validator.js:60:7)\n    at async InstanceValidator.validate (/home/emmanuel/kitchen/backend-projects/ecommerce-api/node_modules/sequelize/lib/instance-validator.js:54:12)\n    at async Category.update (/home/emmanuel/kitchen/backend-projects/ecommerce-api/node_modules/sequelize/lib/model.js:1933:26)\n    at async Object.updateCategory (file:///home/emmanuel/kitchen/backend-projects/ecommerce-api/src/modules/category/repository.js:64:52)\n    at async updateCategory (file:///home/emmanuel/kitchen/backend-projects/ecommerce-api/src/modules/category/controller.js:46:22)"}
{"level":"error","message":"\"categoryName\" is required"}
{"level":"error","message":"\"categoryName\" is required"}
{"level":"error","message":"\"categoryName\" is required"}
{"level":"error","message":"\"categoryName\" is required"}
{"level":"error","message":"SequelizeValidationError: notNull Violation: Category.description cannot be null\n    at InstanceValidator._validate (/home/emmanuel/kitchen/backend-projects/ecommerce-api/node_modules/sequelize/lib/instance-validator.js:50:13)\n    at process.processTicksAndRejections (node:internal/process/task_queues:95:5)\n    at async InstanceValidator._validateAndRunHooks (/home/emmanuel/kitchen/backend-projects/ecommerce-api/node_modules/sequelize/lib/instance-validator.js:60:7)\n    at async InstanceValidator.validate (/home/emmanuel/kitchen/backend-projects/ecommerce-api/node_modules/sequelize/lib/instance-validator.js:54:12)\n    at async model.save (/home/emmanuel/kitchen/backend-projects/ecommerce-api/node_modules/sequelize/lib/model.js:2426:7)\n    at async Category.create (/home/emmanuel/kitchen/backend-projects/ecommerce-api/node_modules/sequelize/lib/model.js:1362:12)\n    at async Object.create (file:///home/emmanuel/kitchen/backend-projects/ecommerce-api/src/modules/category/repository.js:15:12)\n    at async createCategory (file:///home/emmanuel/kitchen/backend-projects/ecommerce-api/src/modules/category/controller.js:8:25)"}
{"level":"error","message":"Invalid status code: 20"}
{"level":"error","message":"\"description\" is required"}
{"level":"error","message":"Invalid status code: 20"}
{"level":"error","message":"randomUUID is not defined"}
{"level":"error","message":"notNull Violation: ProductRating.product_id cannot be null"}
{"level":"error","message":"notNull Violation: Rating.user_id cannot be null"}
{"level":"error","message":"column \"rating_id\" of relation \"ProductRatings\" does not exist"}
{"level":"error","message":"null value in column \"rating_id\" of relation \"ProductRating\" violates not-null constraint"}
{"level":"error","message":"Cannot read properties of undefined (reading 'rating')"}
{"level":"error","message":"Cannot read properties of undefined (reading 'rating')"}
{"level":"error","message":"Error: WHERE parameter \"id\" has invalid \"undefined\" value\n    at PostgresQueryGenerator.whereItemQuery (/home/emmanuel/kitchen/backend-projects/ecommerce-api/node_modules/sequelize/lib/dialects/abstract/query-generator.js:1743:13)\n    at /home/emmanuel/kitchen/backend-projects/ecommerce-api/node_modules/sequelize/lib/dialects/abstract/query-generator.js:1734:25\n    at Array.forEach (<anonymous>)\n    at PostgresQueryGenerator.whereItemsQuery (/home/emmanuel/kitchen/backend-projects/ecommerce-api/node_modules/sequelize/lib/dialects/abstract/query-generator.js:1732:35)\n    at PostgresQueryGenerator.whereQuery (/home/emmanuel/kitchen/backend-projects/ecommerce-api/node_modules/sequelize/lib/dialects/abstract/query-generator.js:1714:24)\n    at PostgresQueryGenerator.updateQuery (/home/emmanuel/kitchen/backend-projects/ecommerce-api/node_modules/sequelize/lib/dialects/abstract/query-generator.js:371:116)\n    at PostgresQueryInterface.bulkUpdate (/home/emmanuel/kitchen/backend-projects/ecommerce-api/node_modules/sequelize/lib/dialects/abstract/query-interface.js:361:37)\n    at Rating.update (/home/emmanuel/kitchen/backend-projects/ecommerce-api/node_modules/sequelize/lib/model.js:2010:54)\n    at process.processTicksAndRejections (node:internal/process/task_queues:95:5)\n    at async Object.update (file:///home/emmanuel/kitchen/backend-projects/ecommerce-api/src/modules/rating/repository.js:31:54)"}
{"level":"error","message":"\"rateId\" is required"}
{"level":"error","message":"\"rateId\" is required"}
{"level":"error","message":"\"rateId\" is required"}
{"level":"error","message":"\"rateId\" is required"}
{"level":"error","message":"\"rateId\" is required"}
{"level":"error","message":"ReferenceError: randomUUID is not defined\n    at defaultValue (file:///home/emmanuel/kitchen/backend-projects/ecommerce-api/src/modules/review/model.js:9:27)\n    at Object.toDefaultValue (/home/emmanuel/kitchen/backend-projects/ecommerce-api/node_modules/sequelize/lib/utils.js:210:17)\n    at _defaultValues.<computed> (/home/emmanuel/kitchen/backend-projects/ecommerce-api/node_modules/sequelize/lib/model.js:861:49)\n    at /home/emmanuel/kitchen/backend-projects/ecommerce-api/node_modules/sequelize/lib/model.js:126:25\n    at /home/emmanuel/kitchen/backend-projects/ecommerce-api/node_modules/lodash/lodash.js:13469:38\n    at /home/emmanuel/kitchen/backend-projects/ecommerce-api/node_modules/lodash/lodash.js:4967:15\n    at baseForOwn (/home/emmanuel/kitchen/backend-projects/ecommerce-api/node_modules/lodash/lodash.js:3032:24)\n    at Function.mapValues (/home/emmanuel/kitchen/backend-projects/ecommerce-api/node_modules/lodash/lodash.js:13468:7)\n    at model._initValues (/home/emmanuel/kitchen/backend-projects/ecommerce-api/node_modules/sequelize/lib/model.js:125:22)\n    at new Model (/home/emmanuel/kitchen/backend-projects/ecommerce-api/node_modules/sequelize/lib/model.js:116:10)"}
{"level":"error","message":"SequelizeValidationError: notNull Violation: ProductRating.rate_id cannot be null\n    at InstanceValidator._validate (/home/emmanuel/kitchen/backend-projects/ecommerce-api/node_modules/sequelize/lib/instance-validator.js:50:13)\n    at process.processTicksAndRejections (node:internal/process/task_queues:95:5)\n    at async InstanceValidator._validateAndRunHooks (/home/emmanuel/kitchen/backend-projects/ecommerce-api/node_modules/sequelize/lib/instance-validator.js:60:7)\n    at async InstanceValidator.validate (/home/emmanuel/kitchen/backend-projects/ecommerce-api/node_modules/sequelize/lib/instance-validator.js:54:12)\n    at async model.save (/home/emmanuel/kitchen/backend-projects/ecommerce-api/node_modules/sequelize/lib/model.js:2426:7)\n    at async ProductRating.create (/home/emmanuel/kitchen/backend-projects/ecommerce-api/node_modules/sequelize/lib/model.js:1362:12)\n    at async file:///home/emmanuel/kitchen/backend-projects/ecommerce-api/src/modules/review/repository.js:17:7\n    at async /home/emmanuel/kitchen/backend-projects/ecommerce-api/node_modules/sequelize/lib/sequelize.js:507:18\n    at async Object.create (file:///home/emmanuel/kitchen/backend-projects/ecommerce-api/src/modules/review/repository.js:8:12)\n    at async createReview (file:///home/emmanuel/kitchen/backend-projects/ecommerce-api/src/modules/review/controller.js:19:23)"}
{"level":"error","message":"Error\n    at Query.run (/home/emmanuel/kitchen/backend-projects/ecommerce-api/node_modules/sequelize/lib/dialects/postgres/query.js:50:25)\n    at /home/emmanuel/kitchen/backend-projects/ecommerce-api/node_modules/sequelize/lib/sequelize.js:315:28\n    at process.processTicksAndRejections (node:internal/process/task_queues:95:5)\n    at async PostgresQueryInterface.insert (/home/emmanuel/kitchen/backend-projects/ecommerce-api/node_modules/sequelize/lib/dialects/abstract/query-interface.js:308:21)\n    at async model.save (/home/emmanuel/kitchen/backend-projects/ecommerce-api/node_modules/sequelize/lib/model.js:2490:35)\n    at async ProductReview.create (/home/emmanuel/kitchen/backend-projects/ecommerce-api/node_modules/sequelize/lib/model.js:1362:12)\n    at async file:///home/emmanuel/kitchen/backend-projects/ecommerce-api/src/modules/review/repository.js:17:7\n    at async /home/emmanuel/kitchen/backend-projects/ecommerce-api/node_modules/sequelize/lib/sequelize.js:507:18\n    at async Object.create (file:///home/emmanuel/kitchen/backend-projects/ecommerce-api/src/modules/review/repository.js:8:12)\n    at async createReview (file:///home/emmanuel/kitchen/backend-projects/ecommerce-api/src/modules/review/controller.js:19:23)"}
{"level":"error","message":"Database connection failed"}
{"level":"error","message":"Database connection failed"}
{"level":"error","message":"Database connection failed"}
{"level":"error","message":"Database connection failed"}
{"level":"error","message":"Database connection failed: Error\n    at Query.run (/home/emmanuel/kitchen/backend-projects/ecommerce-api/node_modules/sequelize/lib/dialects/postgres/query.js:50:25)\n    at /home/emmanuel/kitchen/backend-projects/ecommerce-api/node_modules/sequelize/lib/sequelize.js:315:28\n    at process.processTicksAndRejections (node:internal/process/task_queues:95:5)\n    at async PostgresQueryInterface.createTable (/home/emmanuel/kitchen/backend-projects/ecommerce-api/node_modules/sequelize/lib/dialects/abstract/query-interface.js:98:12)\n    at async ProductReview.sync (/home/emmanuel/kitchen/backend-projects/ecommerce-api/node_modules/sequelize/lib/model.js:942:7)\n    at async Sequelize.sync (/home/emmanuel/kitchen/backend-projects/ecommerce-api/node_modules/sequelize/lib/sequelize.js:377:9)\n    at async databaseConnection (file:///home/emmanuel/kitchen/backend-projects/ecommerce-api/src/utils/database.js:30:5)"}
{"level":"error","message":"Database connection failed: syntax error at or near \"CSACADE\""}
{"level":"error","message":"Database connection failed: Error\n    at Query.run (/home/emmanuel/kitchen/backend-projects/ecommerce-api/node_modules/sequelize/lib/dialects/postgres/query.js:50:25)\n    at /home/emmanuel/kitchen/backend-projects/ecommerce-api/node_modules/sequelize/lib/sequelize.js:315:28\n    at process.processTicksAndRejections (node:internal/process/task_queues:95:5)\n    at async PostgresQueryInterface.createTable (/home/emmanuel/kitchen/backend-projects/ecommerce-api/node_modules/sequelize/lib/dialects/abstract/query-interface.js:98:12)\n    at async ProductReview.sync (/home/emmanuel/kitchen/backend-projects/ecommerce-api/node_modules/sequelize/lib/model.js:942:7)\n    at async Sequelize.sync (/home/emmanuel/kitchen/backend-projects/ecommerce-api/node_modules/sequelize/lib/sequelize.js:377:9)\n    at async databaseConnection (file:///home/emmanuel/kitchen/backend-projects/ecommerce-api/src/utils/database.js:30:5)"}
{"level":"error","message":"Database connection failed: Error\n    at Query.run (/home/emmanuel/kitchen/backend-projects/ecommerce-api/node_modules/sequelize/lib/dialects/postgres/query.js:50:25)\n    at /home/emmanuel/kitchen/backend-projects/ecommerce-api/node_modules/sequelize/lib/sequelize.js:315:28\n    at process.processTicksAndRejections (node:internal/process/task_queues:95:5)\n    at async PostgresQueryInterface.createTable (/home/emmanuel/kitchen/backend-projects/ecommerce-api/node_modules/sequelize/lib/dialects/abstract/query-interface.js:98:12)\n    at async ProductReview.sync (/home/emmanuel/kitchen/backend-projects/ecommerce-api/node_modules/sequelize/lib/model.js:942:7)\n    at async Sequelize.sync (/home/emmanuel/kitchen/backend-projects/ecommerce-api/node_modules/sequelize/lib/sequelize.js:377:9)\n    at async databaseConnection (file:///home/emmanuel/kitchen/backend-projects/ecommerce-api/src/utils/database.js:30:5)"}
{"level":"error","message":"Database connection failed: Error\n    at Query.run (/home/emmanuel/kitchen/backend-projects/ecommerce-api/node_modules/sequelize/lib/dialects/postgres/query.js:50:25)\n    at /home/emmanuel/kitchen/backend-projects/ecommerce-api/node_modules/sequelize/lib/sequelize.js:315:28\n    at process.processTicksAndRejections (node:internal/process/task_queues:95:5)\n    at async PostgresQueryInterface.createTable (/home/emmanuel/kitchen/backend-projects/ecommerce-api/node_modules/sequelize/lib/dialects/abstract/query-interface.js:98:12)\n    at async ProductReview.sync (/home/emmanuel/kitchen/backend-projects/ecommerce-api/node_modules/sequelize/lib/model.js:942:7)\n    at async Sequelize.sync (/home/emmanuel/kitchen/backend-projects/ecommerce-api/node_modules/sequelize/lib/sequelize.js:377:9)\n    at async databaseConnection (file:///home/emmanuel/kitchen/backend-projects/ecommerce-api/src/utils/database.js:30:5)"}
{"level":"error","message":"Error\n    at Query.run (/home/emmanuel/kitchen/backend-projects/ecommerce-api/node_modules/sequelize/lib/dialects/postgres/query.js:50:25)\n    at /home/emmanuel/kitchen/backend-projects/ecommerce-api/node_modules/sequelize/lib/sequelize.js:315:28\n    at process.processTicksAndRejections (node:internal/process/task_queues:95:5)\n    at async PostgresQueryInterface.insert (/home/emmanuel/kitchen/backend-projects/ecommerce-api/node_modules/sequelize/lib/dialects/abstract/query-interface.js:308:21)\n    at async model.save (/home/emmanuel/kitchen/backend-projects/ecommerce-api/node_modules/sequelize/lib/model.js:2490:35)\n    at async ProductReview.create (/home/emmanuel/kitchen/backend-projects/ecommerce-api/node_modules/sequelize/lib/model.js:1362:12)\n    at async file:///home/emmanuel/kitchen/backend-projects/ecommerce-api/src/modules/review/repository.js:17:7\n    at async /home/emmanuel/kitchen/backend-projects/ecommerce-api/node_modules/sequelize/lib/sequelize.js:507:18\n    at async Object.create (file:///home/emmanuel/kitchen/backend-projects/ecommerce-api/src/modules/review/repository.js:8:12)\n    at async createReview (file:///home/emmanuel/kitchen/backend-projects/ecommerce-api/src/modules/review/controller.js:19:23)"}
{"level":"error","message":"Error\n    at Query.run (/home/emmanuel/kitchen/backend-projects/ecommerce-api/node_modules/sequelize/lib/dialects/postgres/query.js:50:25)\n    at /home/emmanuel/kitchen/backend-projects/ecommerce-api/node_modules/sequelize/lib/sequelize.js:315:28\n    at process.processTicksAndRejections (node:internal/process/task_queues:95:5)\n    at async PostgresQueryInterface.insert (/home/emmanuel/kitchen/backend-projects/ecommerce-api/node_modules/sequelize/lib/dialects/abstract/query-interface.js:308:21)\n    at async model.save (/home/emmanuel/kitchen/backend-projects/ecommerce-api/node_modules/sequelize/lib/model.js:2490:35)\n    at async ProductReview.create (/home/emmanuel/kitchen/backend-projects/ecommerce-api/node_modules/sequelize/lib/model.js:1362:12)\n    at async file:///home/emmanuel/kitchen/backend-projects/ecommerce-api/src/modules/review/repository.js:17:7\n    at async /home/emmanuel/kitchen/backend-projects/ecommerce-api/node_modules/sequelize/lib/sequelize.js:507:18\n    at async Object.create (file:///home/emmanuel/kitchen/backend-projects/ecommerce-api/src/modules/review/repository.js:8:12)\n    at async createReview (file:///home/emmanuel/kitchen/backend-projects/ecommerce-api/src/modules/review/controller.js:19:23)"}
{"level":"error","message":"findRateSchema is not defined"}
{"level":"error","message":"findRateSchema is not defined"}
{"level":"error","message":"repository.fetchRatingById is not a function"}
