{"level":"info","message":"Server is running on  port 3000"}
{"level":"info","message":"Database connection established"}
{"level":"info","message":"Server is running on  port 3000"}
{"level":"info","message":"Database connection established"}
{"level":"info","message":"Server is running on  port 3000"}
{"level":"info","message":"Database connection established"}
{"level":"info","message":"Server is running on  port 3000"}
{"level":"info","message":"Database connection established"}
{"level":"error","message":"\"email\" is required"}
{"level":"info","message":"Server is running on  port 3000"}
{"level":"info","message":"Database connection established"}
{"level":"error","message":"\"email\" is required"}
{"level":"error","message":"\"email\" is required"}
{"level":"info","message":"Server is running on  port 3000"}
{"level":"info","message":"Database connection established"}
{"level":"error","message":"\"email\" is required"}
{"level":"info","message":"Server is running on  port 3000"}
{"level":"info","message":"Database connection established"}
{"level":"info","message":"Server is running on  port 3000"}
{"level":"info","message":"Database connection established"}
{"level":"info","message":"Server is running on  port 3000"}
{"level":"info","message":"Database connection established"}
{"level":"info","message":"Server is running on  port 3000"}
{"level":"info","message":"Database connection established"}
{"level":"info","message":"Server is running on  port 3000"}
{"level":"info","message":"Database connection established"}
{"level":"info","message":"Server is running on  port 3000"}
{"level":"info","message":"Database connection established"}
{"level":"error","message":"\"email\" is required"}
{"level":"info","message":"Server is running on  port 3000"}
{"level":"info","message":"Database connection established"}
{"level":"info","message":"Server is running on  port 3000"}
{"level":"info","message":"Database connection established"}
{"level":"info","message":"Server is running on  port 3000"}
{"level":"info","message":"Database connection established"}
{"level":"error","message":"\"email\" is required"}
{"level":"info","message":"Server is running on  port 3000"}
{"level":"info","message":"Database connection established"}
{"level":"info","message":"Server is running on  port 3000"}
{"level":"info","message":"Database connection established"}
{"level":"info","message":"Server is running on  port 3000"}
{"level":"info","message":"Database connection established"}
{"level":"info","message":"Server is running on  port 3000"}
{"level":"info","message":"Database connection established"}
{"level":"info","message":"Server is running on  port 3000"}
{"level":"info","message":"Database connection established"}
{"level":"info","message":"Server is running on  port 3000"}
{"level":"info","message":"Database connection established"}
{"level":"info","message":"Server is running on  port 3000"}
{"level":"info","message":"Database connection established"}
{"level":"info","message":"Server is running on  port 3000"}
{"level":"info","message":"Database connection established"}
{"level":"info","message":"Server is running on  port 3000"}
{"level":"info","message":"Database connection established"}
{"level":"info","message":"Server is running on  port 3000"}
{"level":"info","message":"Database connection established"}
{"level":"info","message":"Server is running on  port 3000"}
{"level":"info","message":"Database connection established"}
{"level":"info","message":"Server is running on  port 3000"}
{"level":"info","message":"Database connection established"}
{"level":"info","message":"Server is running on  port 3000"}
{"level":"info","message":"Database connection established"}
{"level":"info","message":"Server is running on  port 3000"}
{"level":"info","message":"Database connection established"}
{"level":"info","message":"Server is running on  port 3000"}
{"level":"info","message":"Database connection established"}
{"level":"info","message":"Server is running on  port 3000"}
{"level":"info","message":"Database connection established"}
{"level":"info","message":"Server is running on  port 3000"}
{"level":"info","message":"Database connection established"}
{"level":"info","message":"Server is running on  port 3000"}
{"level":"info","message":"Database connection established"}
{"level":"info","message":"Server is running on  port 3000"}
{"level":"info","message":"Database connection established"}
{"level":"info","message":"Server is running on  port 3000"}
{"level":"info","message":"Database connection established"}
{"level":"info","message":"Server is running on  port 3000"}
{"level":"info","message":"Database connection established"}
{"level":"info","message":"Server is running on  port 3000"}
{"level":"info","message":"Database connection established"}
{"level":"info","message":"Server is running on  port 3000"}
{"level":"info","message":"Database connection established"}
{"level":"info","message":"Server is running on  port 3000"}
{"level":"info","message":"Database connection established"}
{"level":"info","message":"Server is running on  port 3000"}
{"level":"info","message":"Database connection established"}
{"level":"info","message":"Server is running on  port 3000"}
{"level":"info","message":"Database connection established"}
{"level":"info","message":"Server is running on  port 3000"}
{"level":"info","message":"Database connection established"}
{"level":"info","message":"Server is running on  port 3000"}
{"level":"info","message":"Database connection established"}
{"level":"info","message":"Server is running on  port 3000"}
{"level":"info","message":"Database connection established"}
{"level":"info","message":"Server is running on  port 3000"}
{"level":"info","message":"Database connection established"}
{"level":"info","message":"Server is running on  port 3000"}
{"level":"info","message":"Database connection established"}
{"level":"info","message":"Server is running on  port 3000"}
{"level":"info","message":"Database connection established"}
{"level":"info","message":"Server is running on  port 3000"}
{"level":"info","message":"Database connection established"}
{"level":"info","message":"Server is running on  port 3000"}
{"level":"info","message":"Database connection established"}
{"level":"info","message":"Server is running on  port 3000"}
{"level":"info","message":"Database connection established"}
{"level":"info","message":"Server is running on  port 3000"}
{"level":"info","message":"Database connection established"}
{"level":"info","message":"Server is running on  port 3000"}
{"level":"info","message":"Database connection established"}
{"level":"info","message":"Server is running on  port 3000"}
{"level":"info","message":"Database connection established"}
{"level":"info","message":"Server is running on  port 3000"}
{"level":"info","message":"Database connection established"}
{"level":"error","message":"\"email\" is required"}
{"level":"info","message":"Server is running on  port 3000"}
{"level":"info","message":"Database connection established"}
{"level":"info","message":"Server is running on  port 3000"}
{"level":"info","message":"Database connection established"}
{"level":"error","message":"\"email\" is required"}
{"level":"error","message":"\"email\" is required"}
{"level":"info","message":"Server is running on  port 3000"}
{"level":"info","message":"Database connection established"}
{"level":"error","message":"\"email\" is required"}
{"level":"info","message":"Server is running on  port 3000"}
{"level":"info","message":"Database connection established"}
{"level":"info","message":"Server is running on  port 3000"}
{"level":"info","message":"Database connection established"}
{"level":"error","message":"\"email\" is required"}
{"level":"info","message":"Server is running on  port 3000"}
{"level":"info","message":"Database connection established"}
{"level":"info","message":"Server is running on  port 3000"}
{"level":"info","message":"Database connection established"}
{"level":"error","message":"\"email\" is required"}
{"level":"error","message":"\"email\" is required"}
{"level":"info","message":"Server is running on  port 3000"}
{"level":"info","message":"Database connection established"}
{"level":"error","message":"\"email\" is required"}
{"level":"info","message":"Server is running on  port 3000"}
{"level":"info","message":"Database connection established"}
{"level":"error","message":"\"email\" is required"}
{"level":"info","message":"Server is running on  port 3000"}
{"level":"info","message":"Database connection established"}
{"level":"info","message":"Server is running on  port 3000"}
{"level":"info","message":"Database connection established"}
{"level":"info","message":"Server is running on  port 3000"}
{"level":"info","message":"Database connection established"}
{"level":"info","message":"Server is running on  port 3000"}
{"level":"info","message":"Database connection established"}
{"level":"info","message":"Server is running on  port 3000"}
{"level":"info","message":"Database connection established"}
{"level":"info","message":"Server is running on  port 3000"}
{"level":"info","message":"Database connection established"}
{"level":"info","message":"Server is running on  port 3000"}
{"level":"info","message":"Database connection established"}
{"level":"info","message":"Server is running on  port 3000"}
{"level":"info","message":"Database connection established"}
{"level":"info","message":"Server is running on  port 3000"}
{"level":"info","message":"Database connection established"}
{"level":"info","message":"Server is running on  port 3000"}
{"level":"info","message":"Database connection established"}
{"level":"info","message":"Server is running on  port 3000"}
{"level":"info","message":"Database connection established"}
{"level":"info","message":"Server is running on  port 3000"}
{"level":"info","message":"Database connection established"}
{"level":"info","message":"Server is running on  port 3000"}
{"level":"info","message":"Database connection established"}
{"level":"info","message":"Server is running on  port 3000"}
{"level":"info","message":"Database connection established"}
{"level":"info","message":"Server is running on  port 3000"}
{"level":"info","message":"Database connection established"}
{"level":"error","message":"\"password\" length must be at least 5 characters long"}
{"level":"error","message":"Cannot read properties of undefined (reading 'email')"}
{"level":"info","message":"Server is running on  port 3000"}
{"level":"info","message":"Database connection established"}
{"level":"info","message":"Server is running on  port 3000"}
{"level":"info","message":"Database connection established"}
{"level":"info","message":"Server is running on  port 3000"}
{"level":"info","message":"Database connection established"}
{"level":"error","message":"Cannot read properties of undefined (reading 'email')"}
{"level":"error","message":"Cannot read properties of undefined (reading 'email')"}
{"level":"info","message":"Server is running on  port 3000"}
{"level":"info","message":"Database connection established"}
{"level":"info","message":"Server is running on  port 3000"}
{"level":"info","message":"Database connection established"}
{"level":"error","message":"Cannot read properties of undefined (reading 'email')"}
{"level":"info","message":"Server is running on  port 3000"}
{"level":"info","message":"Database connection established"}
{"level":"info","message":"Server is running on  port 3000"}
{"level":"info","message":"Database connection established"}
{"level":"info","message":"Server is running on  port 3000"}
{"level":"info","message":"Database connection established"}
{"level":"info","message":"Server is running on  port 3000"}
{"level":"info","message":"Database connection established"}
{"level":"info","message":"Server is running on  port 3000"}
{"level":"info","message":"Database connection established"}
{"level":"info","message":"Server is running on  port 3000"}
{"level":"info","message":"Database connection established"}
{"level":"error","message":"Cannot read properties of undefined (reading 'email')"}
{"level":"info","message":"Server is running on  port 3000"}
{"level":"info","message":"Database connection established"}
{"level":"error","message":"Cannot read properties of undefined (reading 'email')"}
{"level":"info","message":"Server is running on  port 3000"}
{"level":"info","message":"Database connection established"}
{"level":"error","message":"Cannot read properties of undefined (reading 'email')"}
{"level":"error","message":"Cannot read properties of undefined (reading 'email')"}
{"level":"info","message":"Server is running on  port 3000"}
{"level":"info","message":"Database connection established"}
{"level":"info","message":"Server is running on  port 3000"}
{"level":"info","message":"Database connection established"}
{"level":"error","message":"Cannot read properties of undefined (reading 'email')"}
{"level":"info","message":"Server is running on  port 3000"}
{"level":"info","message":"Database connection established"}
{"level":"info","message":"Server is running on  port 3000"}
{"level":"info","message":"Database connection established"}
{"level":"info","message":"Server is running on  port 3000"}
{"level":"info","message":"Database connection established"}
{"level":"error","message":"Cannot destructure property 'email' of 'validatedData' as it is undefined."}
{"level":"info","message":"Server is running on  port 3000"}
{"level":"info","message":"Database connection established"}
{"level":"error","message":"Cannot read properties of undefined (reading 'email')"}
{"level":"error","message":"Cannot read properties of undefined (reading 'email')"}
{"level":"info","message":"Server is running on  port 3000"}
{"level":"info","message":"Database connection established"}
{"level":"info","message":"Server is running on  port 3000"}
{"level":"info","message":"Database connection established"}
{"level":"error","message":"Cannot read properties of undefined (reading 'email')"}
{"level":"info","message":"Server is running on  port 3000"}
{"level":"info","message":"Database connection established"}
{"level":"info","message":"Server is running on  port 3000"}
{"level":"info","message":"Database connection established"}
{"level":"info","message":"Server is running on  port 3000"}
{"level":"info","message":"Database connection established"}
{"level":"info","message":"Server is running on  port 3000"}
{"level":"info","message":"Database connection established"}
{"level":"error","message":"Cannot read properties of undefined (reading 'email')"}
{"level":"info","message":"Server is running on  port 3000"}
{"level":"info","message":"Database connection established"}
{"level":"info","message":"Server is running on  port 3000"}
{"level":"info","message":"Database connection established"}
{"level":"info","message":"Server is running on  port 3000"}
{"level":"info","message":"Database connection established"}
{"level":"info","message":"Server is running on  port 3000"}
{"level":"info","message":"Database connection established"}
{"level":"info","message":"Server is running on  port 3000"}
{"level":"info","message":"Database connection established"}
{"level":"error","message":"Cannot destructure property 'email' of 'validatedData' as it is undefined."}
{"level":"info","message":"Server is running on  port 3000"}
{"level":"info","message":"Database connection established"}
{"level":"info","message":"Server is running on  port 3000"}
{"level":"info","message":"Database connection established"}
{"level":"error","message":"Cannot destructure property 'password' of 'validatedData' as it is undefined."}
{"level":"info","message":"Server is running on  port 3000"}
{"level":"info","message":"Database connection established"}
{"level":"info","message":"Server is running on  port 3000"}
{"level":"info","message":"Database connection established"}
{"level":"info","message":"Server is running on  port 3000"}
{"level":"info","message":"Database connection established"}
{"level":"info","message":"Server is running on  port 3000"}
{"level":"info","message":"Database connection established"}
{"level":"error","message":"Cannot read properties of undefined (reading 'email')"}
{"level":"info","message":"Server is running on  port 3000"}
{"level":"info","message":"Database connection established"}
{"level":"info","message":"Server is running on  port 3000"}
{"level":"info","message":"Database connection established"}
{"level":"info","message":"Server is running on  port 3000"}
{"level":"info","message":"Database connection established"}
{"level":"info","message":"Server is running on  port 3000"}
{"level":"info","message":"Database connection established"}
{"level":"info","message":"Server is running on  port 3000"}
{"level":"info","message":"Database connection established"}
{"level":"error","message":"Cannot read properties of undefined (reading 'email')"}
{"level":"error","message":"Cannot read properties of undefined (reading 'email')"}
{"level":"info","message":"Server is running on  port 3000"}
{"level":"info","message":"Database connection established"}
{"level":"info","message":"Server is running on  port 3000"}
{"level":"info","message":"Database connection established"}
{"level":"info","message":"Server is running on  port 3000"}
{"level":"info","message":"Database connection established"}
{"level":"info","message":"Server is running on  port 3000"}
{"level":"info","message":"Database connection established"}
{"level":"info","message":"Server is running on  port 3000"}
{"level":"info","message":"Database connection established"}
{"level":"info","message":"Server is running on  port 3000"}
{"level":"info","message":"Database connection established"}
{"level":"info","message":"Server is running on  port 3000"}
{"level":"info","message":"Database connection established"}
{"level":"info","message":"Server is running on  port 3000"}
{"level":"info","message":"Database connection established"}
{"level":"error","message":"Cannot read properties of undefined (reading 'email')"}
{"level":"info","message":"Server is running on  port 3000"}
{"level":"info","message":"Database connection established"}
{"level":"info","message":"Server is running on  port 3000"}
{"level":"info","message":"Database connection established"}
{"level":"error","message":"Cannot read properties of undefined (reading 'email')"}
{"level":"info","message":"Server is running on  port 3000"}
{"level":"info","message":"Database connection established"}
{"level":"info","message":"Server is running on  port 3000"}
{"level":"info","message":"Database connection established"}
{"level":"error","message":"Cannot read properties of undefined (reading 'email')"}
{"level":"info","message":"Server is running on  port 3000"}
{"level":"info","message":"Database connection established"}
{"level":"info","message":"Server is running on  port 3000"}
{"level":"info","message":"Database connection established"}
{"level":"error","message":"Cannot read properties of undefined (reading 'email')"}
{"level":"info","message":"Server is running on  port 3000"}
{"level":"info","message":"Database connection established"}
{"level":"error","message":"Cannot read properties of undefined (reading 'email')"}
{"level":"info","message":"Server is running on  port 3000"}
{"level":"info","message":"Database connection established"}
{"level":"error","message":"Cannot read properties of undefined (reading 'email')"}
{"level":"info","message":"Server is running on  port 3000"}
{"level":"info","message":"Database connection established"}
{"level":"info","message":"Server is running on  port 3000"}
{"level":"info","message":"Database connection established"}
{"level":"info","message":"Server is running on  port 3000"}
{"level":"info","message":"Database connection established"}
{"level":"info","message":"Server is running on  port 3000"}
{"level":"info","message":"Database connection established"}
{"level":"error","message":"Cannot read properties of undefined (reading 'email')"}
